10:32:59:034  INFO 18443 --- [main] com.hmall.item.CartApplication           : Starting CartApplication using Java 11.0.25 on lemurArch with PID 18443 (/home/lemur/work/java/project/hmall/item-service/target/classes started by lemur in /home/lemur/work/java/project/hmall)
10:32:59:035 DEBUG 18443 --- [main] com.hmall.item.CartApplication           : Running with Spring Boot v2.7.12, Spring v5.3.27
10:32:59:035  INFO 18443 --- [main] com.hmall.item.CartApplication           : The following 1 profile is active: "dev"
10:32:59:613  INFO 18443 --- [main] o.s.b.w.embedded.tomcat.TomcatWebServer  : Tomcat initialized with port(s): 8081 (http)
10:32:59:617  INFO 18443 --- [main] o.apache.catalina.core.StandardService   : Starting service [Tomcat]
10:32:59:618  INFO 18443 --- [main] org.apache.catalina.core.StandardEngine  : Starting Servlet engine: [Apache Tomcat/9.0.75]
10:32:59:659  INFO 18443 --- [main] o.a.c.c.C.[Tomcat].[localhost].[/]       : Initializing Spring embedded WebApplicationContext
10:32:59:659  INFO 18443 --- [main] w.s.c.ServletWebServerApplicationContext : Root WebApplicationContext: initialization completed in 598 ms
10:33:00:063  INFO 18443 --- [main] pertySourcedRequestMappingHandlerMapping : Mapped URL path [/v2/api-docs] onto method [springfox.documentation.swagger2.web.Swagger2ControllerWebMvc#getDocumentation(String, HttpServletRequest)]
10:33:00:101  INFO 18443 --- [main] o.s.b.w.embedded.tomcat.TomcatWebServer  : Tomcat started on port(s): 8081 (http) with context path ''
10:33:00:102  INFO 18443 --- [main] d.s.w.p.DocumentationPluginsBootstrapper : Documentation plugins bootstrapped
10:33:00:103  INFO 18443 --- [main] d.s.w.p.DocumentationPluginsBootstrapper : Found 1 custom documentation plugin(s)
10:33:00:117  INFO 18443 --- [main] s.d.s.w.s.ApiListingReferenceScanner     : Scanning for api listing references
10:33:00:185  INFO 18443 --- [main] com.hmall.item.CartApplication           : Started CartApplication in 1.35 seconds (JVM running for 2.911)
10:33:43:678  INFO 18935 --- [main] com.hmall.item.CartApplication           : Starting CartApplication using Java 11.0.25 on lemurArch with PID 18935 (/home/lemur/work/java/project/hmall/item-service/target/classes started by lemur in /home/lemur/work/java/project/hmall)
10:33:43:679 DEBUG 18935 --- [main] com.hmall.item.CartApplication           : Running with Spring Boot v2.7.12, Spring v5.3.27
10:33:43:680  INFO 18935 --- [main] com.hmall.item.CartApplication           : The following 1 profile is active: "dev"
10:33:44:228  INFO 18935 --- [main] o.s.b.w.embedded.tomcat.TomcatWebServer  : Tomcat initialized with port(s): 8081 (http)
10:33:44:231  INFO 18935 --- [main] o.apache.catalina.core.StandardService   : Starting service [Tomcat]
10:33:44:232  INFO 18935 --- [main] org.apache.catalina.core.StandardEngine  : Starting Servlet engine: [Apache Tomcat/9.0.75]
10:33:44:267  INFO 18935 --- [main] o.a.c.c.C.[Tomcat].[localhost].[/]       : Initializing Spring embedded WebApplicationContext
10:33:44:267  INFO 18935 --- [main] w.s.c.ServletWebServerApplicationContext : Root WebApplicationContext: initialization completed in 564 ms
10:33:44:596  INFO 18935 --- [main] pertySourcedRequestMappingHandlerMapping : Mapped URL path [/v2/api-docs] onto method [springfox.documentation.swagger2.web.Swagger2ControllerWebMvc#getDocumentation(String, HttpServletRequest)]
10:33:44:631  INFO 18935 --- [main] o.s.b.w.embedded.tomcat.TomcatWebServer  : Tomcat started on port(s): 8081 (http) with context path ''
10:33:44:632  INFO 18935 --- [main] d.s.w.p.DocumentationPluginsBootstrapper : Documentation plugins bootstrapped
10:33:44:633  INFO 18935 --- [main] d.s.w.p.DocumentationPluginsBootstrapper : Found 1 custom documentation plugin(s)
10:33:44:644  INFO 18935 --- [main] s.d.s.w.s.ApiListingReferenceScanner     : Scanning for api listing references
10:33:44:706  INFO 18935 --- [main] com.hmall.item.CartApplication           : Started CartApplication in 1.261 seconds (JVM running for 1.543)
10:36:21:467  INFO 20201 --- [main] com.hmall.item.CartApplication           : Starting CartApplication using Java 11.0.25 on lemurArch with PID 20201 (/home/lemur/work/java/project/hmall/item-service/target/classes started by lemur in /home/lemur/work/java/project/hmall)
10:36:21:468 DEBUG 20201 --- [main] com.hmall.item.CartApplication           : Running with Spring Boot v2.7.12, Spring v5.3.27
10:36:21:468  INFO 20201 --- [main] com.hmall.item.CartApplication           : The following 1 profile is active: "dev"
10:36:21:977  INFO 20201 --- [main] o.s.b.w.embedded.tomcat.TomcatWebServer  : Tomcat initialized with port(s): 8081 (http)
10:36:21:982  INFO 20201 --- [main] o.apache.catalina.core.StandardService   : Starting service [Tomcat]
10:36:21:983  INFO 20201 --- [main] org.apache.catalina.core.StandardEngine  : Starting Servlet engine: [Apache Tomcat/9.0.75]
10:36:22:018  INFO 20201 --- [main] o.a.c.c.C.[Tomcat].[localhost].[/]       : Initializing Spring embedded WebApplicationContext
10:36:22:018  INFO 20201 --- [main] w.s.c.ServletWebServerApplicationContext : Root WebApplicationContext: initialization completed in 529 ms
10:36:22:329  INFO 20201 --- [main] pertySourcedRequestMappingHandlerMapping : Mapped URL path [/v2/api-docs] onto method [springfox.documentation.swagger2.web.Swagger2ControllerWebMvc#getDocumentation(String, HttpServletRequest)]
10:36:22:363  INFO 20201 --- [main] o.s.b.w.embedded.tomcat.TomcatWebServer  : Tomcat started on port(s): 8081 (http) with context path ''
10:36:22:364  INFO 20201 --- [main] d.s.w.p.DocumentationPluginsBootstrapper : Documentation plugins bootstrapped
10:36:22:365  INFO 20201 --- [main] d.s.w.p.DocumentationPluginsBootstrapper : Found 1 custom documentation plugin(s)
10:36:22:376  INFO 20201 --- [main] s.d.s.w.s.ApiListingReferenceScanner     : Scanning for api listing references
10:36:22:435  INFO 20201 --- [main] com.hmall.item.CartApplication           : Started CartApplication in 1.203 seconds (JVM running for 1.477)
10:36:42:128  INFO 20528 --- [main] com.hmall.item.CartApplication           : Starting CartApplication using Java 11.0.25 on lemurArch with PID 20528 (/home/lemur/work/java/project/hmall/item-service/target/classes started by lemur in /home/lemur/work/java/project/hmall)
10:36:42:129 DEBUG 20528 --- [main] com.hmall.item.CartApplication           : Running with Spring Boot v2.7.12, Spring v5.3.27
10:36:42:130  INFO 20528 --- [main] com.hmall.item.CartApplication           : The following 1 profile is active: "dev"
10:36:42:628  INFO 20528 --- [main] o.s.b.w.embedded.tomcat.TomcatWebServer  : Tomcat initialized with port(s): 8081 (http)
10:36:42:632  INFO 20528 --- [main] o.apache.catalina.core.StandardService   : Starting service [Tomcat]
10:36:42:632  INFO 20528 --- [main] org.apache.catalina.core.StandardEngine  : Starting Servlet engine: [Apache Tomcat/9.0.75]
10:36:42:667  INFO 20528 --- [main] o.a.c.c.C.[Tomcat].[localhost].[/]       : Initializing Spring embedded WebApplicationContext
10:36:42:667  INFO 20528 --- [main] w.s.c.ServletWebServerApplicationContext : Root WebApplicationContext: initialization completed in 517 ms
10:36:43:004  INFO 20528 --- [main] pertySourcedRequestMappingHandlerMapping : Mapped URL path [/v2/api-docs] onto method [springfox.documentation.swagger2.web.Swagger2ControllerWebMvc#getDocumentation(String, HttpServletRequest)]
10:36:43:042  INFO 20528 --- [main] o.s.b.w.embedded.tomcat.TomcatWebServer  : Tomcat started on port(s): 8081 (http) with context path ''
10:36:43:043  INFO 20528 --- [main] d.s.w.p.DocumentationPluginsBootstrapper : Documentation plugins bootstrapped
10:36:43:044  INFO 20528 --- [main] d.s.w.p.DocumentationPluginsBootstrapper : Found 1 custom documentation plugin(s)
10:36:43:056  INFO 20528 --- [main] s.d.s.w.s.ApiListingReferenceScanner     : Scanning for api listing references
10:36:43:117  INFO 20528 --- [main] com.hmall.item.CartApplication           : Started CartApplication in 1.207 seconds (JVM running for 1.469)
10:44:56:931  INFO 25617 --- [main] com.hmall.item.CartApplication           : Starting CartApplication using Java 11.0.25 on lemurArch with PID 25617 (/home/lemur/work/java/project/hmall/item-service/target/classes started by lemur in /home/lemur/work/java/project/hmall)
10:44:56:932 DEBUG 25617 --- [main] com.hmall.item.CartApplication           : Running with Spring Boot v2.7.12, Spring v5.3.27
10:44:56:933  INFO 25617 --- [main] com.hmall.item.CartApplication           : The following 1 profile is active: "local"
10:44:57:530  INFO 25617 --- [main] o.s.b.w.embedded.tomcat.TomcatWebServer  : Tomcat initialized with port(s): 8081 (http)
10:44:57:535  INFO 25617 --- [main] o.apache.catalina.core.StandardService   : Starting service [Tomcat]
10:44:57:535  INFO 25617 --- [main] org.apache.catalina.core.StandardEngine  : Starting Servlet engine: [Apache Tomcat/9.0.75]
10:44:57:575  INFO 25617 --- [main] o.a.c.c.C.[Tomcat].[localhost].[/]       : Initializing Spring embedded WebApplicationContext
10:44:57:576  INFO 25617 --- [main] w.s.c.ServletWebServerApplicationContext : Root WebApplicationContext: initialization completed in 623 ms
10:44:57:955  INFO 25617 --- [main] pertySourcedRequestMappingHandlerMapping : Mapped URL path [/v2/api-docs] onto method [springfox.documentation.swagger2.web.Swagger2ControllerWebMvc#getDocumentation(String, HttpServletRequest)]
10:44:57:996  INFO 25617 --- [main] o.s.b.w.embedded.tomcat.TomcatWebServer  : Tomcat started on port(s): 8081 (http) with context path ''
10:44:57:996  INFO 25617 --- [main] d.s.w.p.DocumentationPluginsBootstrapper : Documentation plugins bootstrapped
10:44:57:998  INFO 25617 --- [main] d.s.w.p.DocumentationPluginsBootstrapper : Found 1 custom documentation plugin(s)
10:44:58:011  INFO 25617 --- [main] s.d.s.w.s.ApiListingReferenceScanner     : Scanning for api listing references
10:44:58:081  INFO 25617 --- [main] com.hmall.item.CartApplication           : Started CartApplication in 1.343 seconds (JVM running for 2.827)
10:45:15:761  INFO 25985 --- [main] com.hmall.item.CartApplication           : Starting CartApplication using Java 11.0.25 on lemurArch with PID 25985 (/home/lemur/work/java/project/hmall/item-service/target/classes started by lemur in /home/lemur/work/java/project/hmall)
10:45:15:762 DEBUG 25985 --- [main] com.hmall.item.CartApplication           : Running with Spring Boot v2.7.12, Spring v5.3.27
10:45:15:763  INFO 25985 --- [main] com.hmall.item.CartApplication           : The following 1 profile is active: "local"
10:45:16:310  INFO 25985 --- [main] o.s.b.w.embedded.tomcat.TomcatWebServer  : Tomcat initialized with port(s): 8081 (http)
10:45:16:314  INFO 25985 --- [main] o.apache.catalina.core.StandardService   : Starting service [Tomcat]
10:45:16:314  INFO 25985 --- [main] org.apache.catalina.core.StandardEngine  : Starting Servlet engine: [Apache Tomcat/9.0.75]
10:45:16:351  INFO 25985 --- [main] o.a.c.c.C.[Tomcat].[localhost].[/]       : Initializing Spring embedded WebApplicationContext
10:45:16:351  INFO 25985 --- [main] w.s.c.ServletWebServerApplicationContext : Root WebApplicationContext: initialization completed in 569 ms
10:45:16:716  INFO 25985 --- [main] pertySourcedRequestMappingHandlerMapping : Mapped URL path [/v2/api-docs] onto method [springfox.documentation.swagger2.web.Swagger2ControllerWebMvc#getDocumentation(String, HttpServletRequest)]
10:45:16:767  INFO 25985 --- [main] o.s.b.w.embedded.tomcat.TomcatWebServer  : Tomcat started on port(s): 8081 (http) with context path ''
10:45:16:767  INFO 25985 --- [main] d.s.w.p.DocumentationPluginsBootstrapper : Documentation plugins bootstrapped
10:45:16:768  INFO 25985 --- [main] d.s.w.p.DocumentationPluginsBootstrapper : Found 1 custom documentation plugin(s)
10:45:16:781  INFO 25985 --- [main] s.d.s.w.s.ApiListingReferenceScanner     : Scanning for api listing references
10:45:16:847  INFO 25985 --- [main] com.hmall.item.CartApplication           : Started CartApplication in 1.274 seconds (JVM running for 2.586)
10:59:35:355  INFO 32701 --- [main] com.hmall.item.ItemApplication           : Starting ItemApplication using Java 11.0.25 on lemurArch with PID 32701 (/home/lemur/work/java/project/hmall/item-service/target/classes started by lemur in /home/lemur/work/java/project/hmall)
10:59:35:356 DEBUG 32701 --- [main] com.hmall.item.ItemApplication           : Running with Spring Boot v2.7.12, Spring v5.3.27
10:59:35:356  INFO 32701 --- [main] com.hmall.item.ItemApplication           : The following 1 profile is active: "local"
10:59:35:891  INFO 32701 --- [main] o.s.b.w.embedded.tomcat.TomcatWebServer  : Tomcat initialized with port(s): 8081 (http)
10:59:35:895  INFO 32701 --- [main] o.apache.catalina.core.StandardService   : Starting service [Tomcat]
10:59:35:895  INFO 32701 --- [main] org.apache.catalina.core.StandardEngine  : Starting Servlet engine: [Apache Tomcat/9.0.75]
10:59:35:930  INFO 32701 --- [main] o.a.c.c.C.[Tomcat].[localhost].[/]       : Initializing Spring embedded WebApplicationContext
10:59:35:930  INFO 32701 --- [main] w.s.c.ServletWebServerApplicationContext : Root WebApplicationContext: initialization completed in 554 ms
10:59:36:262  INFO 32701 --- [main] pertySourcedRequestMappingHandlerMapping : Mapped URL path [/v2/api-docs] onto method [springfox.documentation.swagger2.web.Swagger2ControllerWebMvc#getDocumentation(String, HttpServletRequest)]
10:59:36:298  INFO 32701 --- [main] o.s.b.w.embedded.tomcat.TomcatWebServer  : Tomcat started on port(s): 8081 (http) with context path ''
10:59:36:299  INFO 32701 --- [main] d.s.w.p.DocumentationPluginsBootstrapper : Documentation plugins bootstrapped
10:59:36:300  INFO 32701 --- [main] d.s.w.p.DocumentationPluginsBootstrapper : Found 1 custom documentation plugin(s)
10:59:36:312  INFO 32701 --- [main] s.d.s.w.s.ApiListingReferenceScanner     : Scanning for api listing references
10:59:36:375  INFO 32701 --- [main] com.hmall.item.ItemApplication           : Started ItemApplication in 1.251 seconds (JVM running for 1.56)
10:59:50:074  INFO 32701 --- [http-nio-8081-exec-1] o.apache.tomcat.util.http.parser.Cookie  : A cookie header was received [Hm_lvt_a1ff8825baa73c3a78eb96aa40325abc=1728276138,1728286700,1728388297,1729997375] that contained an invalid cookie. That cookie will be ignored.
 Note: further occurrences of this error will be logged at DEBUG level.
10:59:50:077  INFO 32701 --- [http-nio-8081-exec-1] o.a.c.c.C.[Tomcat].[localhost].[/]       : Initializing Spring DispatcherServlet 'dispatcherServlet'
10:59:50:077  INFO 32701 --- [http-nio-8081-exec-1] o.s.web.servlet.DispatcherServlet        : Initializing Servlet 'dispatcherServlet'
10:59:50:078  INFO 32701 --- [http-nio-8081-exec-1] o.s.web.servlet.DispatcherServlet        : Completed initialization in 1 ms
16:59:10:053  INFO 42008 --- [main] com.hmall.item.ItemApplication           : Starting ItemApplication using Java 11.0.25 on lemurArch with PID 42008 (/home/lemur/work/java/project/hmall/item-service/target/classes started by lemur in /home/lemur/work/java/project/hmall)
16:59:10:055 DEBUG 42008 --- [main] com.hmall.item.ItemApplication           : Running with Spring Boot v2.7.12, Spring v5.3.27
16:59:10:055  INFO 42008 --- [main] com.hmall.item.ItemApplication           : The following 1 profile is active: "local"
16:59:10:510  INFO 42008 --- [main] o.s.cloud.context.scope.GenericScope     : BeanFactory id=34af7032-8c77-341e-ba46-07b62f1fe288
16:59:10:685  INFO 42008 --- [main] o.s.b.w.embedded.tomcat.TomcatWebServer  : Tomcat initialized with port(s): 8081 (http)
16:59:10:690  INFO 42008 --- [main] o.apache.catalina.core.StandardService   : Starting service [Tomcat]
16:59:10:690  INFO 42008 --- [main] org.apache.catalina.core.StandardEngine  : Starting Servlet engine: [Apache Tomcat/9.0.75]
16:59:10:739  INFO 42008 --- [main] o.a.c.c.C.[Tomcat].[localhost].[/]       : Initializing Spring embedded WebApplicationContext
16:59:10:739  INFO 42008 --- [main] w.s.c.ServletWebServerApplicationContext : Root WebApplicationContext: initialization completed in 662 ms
16:59:11:207  INFO 42008 --- [main] pertySourcedRequestMappingHandlerMapping : Mapped URL path [/v2/api-docs] onto method [springfox.documentation.swagger2.web.Swagger2ControllerWebMvc#getDocumentation(String, HttpServletRequest)]
16:59:11:301  INFO 42008 --- [main] com.alibaba.nacos.common.remote.client   : [RpcClientFactory] create a new rpc client of 3c781de1-8ce2-47f3-938e-99e4b035e6fd
16:59:11:331  INFO 42008 --- [main] org.reflections.Reflections              : Reflections took 18 ms to scan 1 urls, producing 3 keys and 6 values 
16:59:11:346  INFO 42008 --- [main] org.reflections.Reflections              : Reflections took 8 ms to scan 1 urls, producing 4 keys and 9 values 
16:59:11:357  INFO 42008 --- [main] org.reflections.Reflections              : Reflections took 8 ms to scan 1 urls, producing 3 keys and 10 values 
16:59:11:359  WARN 42008 --- [main] org.reflections.Reflections              : given scan urls are empty. set urls in the configuration
16:59:11:365  INFO 42008 --- [main] org.reflections.Reflections              : Reflections took 6 ms to scan 1 urls, producing 1 keys and 5 values 
16:59:11:372  INFO 42008 --- [main] org.reflections.Reflections              : Reflections took 6 ms to scan 1 urls, producing 1 keys and 7 values 
16:59:11:380  INFO 42008 --- [main] org.reflections.Reflections              : Reflections took 5 ms to scan 1 urls, producing 2 keys and 8 values 
16:59:11:381  WARN 42008 --- [main] org.reflections.Reflections              : given scan urls are empty. set urls in the configuration
16:59:11:382  INFO 42008 --- [main] com.alibaba.nacos.common.remote.client   : [3c781de1-8ce2-47f3-938e-99e4b035e6fd] RpcClient init label, labels = {module=naming, source=sdk}
16:59:11:383  INFO 42008 --- [main] com.alibaba.nacos.common.remote.client   : [3c781de1-8ce2-47f3-938e-99e4b035e6fd] RpcClient init, ServerListFactory = com.alibaba.nacos.client.naming.core.ServerListManager
16:59:11:383  INFO 42008 --- [main] com.alibaba.nacos.common.remote.client   : [3c781de1-8ce2-47f3-938e-99e4b035e6fd] Registry connection listener to current client:com.alibaba.nacos.client.naming.remote.gprc.redo.NamingGrpcRedoService
16:59:11:383  INFO 42008 --- [main] com.alibaba.nacos.common.remote.client   : [3c781de1-8ce2-47f3-938e-99e4b035e6fd] Register server push request handler:com.alibaba.nacos.client.naming.remote.gprc.NamingPushRequestHandler
16:59:11:384  INFO 42008 --- [main] com.alibaba.nacos.common.remote.client   : [3c781de1-8ce2-47f3-938e-99e4b035e6fd] Try to connect to server on start up, server: {serverIp = 'localhost', server main port = 8848}
16:59:11:802  INFO 42008 --- [main] com.alibaba.nacos.common.remote.client   : [3c781de1-8ce2-47f3-938e-99e4b035e6fd] Success to connect to server [localhost:8848] on start up, connectionId = 1736067551605_172.18.0.1_40506
16:59:11:803  INFO 42008 --- [com.alibaba.nacos.client.remote.worker] com.alibaba.nacos.common.remote.client   : [3c781de1-8ce2-47f3-938e-99e4b035e6fd] Notify connected event to listeners.
16:59:11:804  INFO 42008 --- [main] com.alibaba.nacos.common.remote.client   : [3c781de1-8ce2-47f3-938e-99e4b035e6fd] Register server push request handler:com.alibaba.nacos.common.remote.client.RpcClient$ConnectResetRequestHandler
16:59:11:807  INFO 42008 --- [main] com.alibaba.nacos.common.remote.client   : [3c781de1-8ce2-47f3-938e-99e4b035e6fd] Register server push request handler:com.alibaba.nacos.common.remote.client.RpcClient$$Lambda$905/0x000000080067b040
16:59:11:898  INFO 42008 --- [main] o.s.b.w.embedded.tomcat.TomcatWebServer  : Tomcat started on port(s): 8081 (http) with context path ''
16:59:11:925  INFO 42008 --- [main] c.a.c.n.registry.NacosServiceRegistry    : nacos registry, DEFAULT_GROUP item-service 192.168.101.166:8081 register finished
16:59:11:926  INFO 42008 --- [main] d.s.w.p.DocumentationPluginsBootstrapper : Documentation plugins bootstrapped
16:59:11:928  INFO 42008 --- [main] d.s.w.p.DocumentationPluginsBootstrapper : Found 1 custom documentation plugin(s)
16:59:11:958  INFO 42008 --- [main] s.d.s.w.s.ApiListingReferenceScanner     : Scanning for api listing references
16:59:12:026  INFO 42008 --- [main] com.hmall.item.ItemApplication           : Started ItemApplication in 2.273 seconds (JVM running for 2.612)
16:59:12:457  INFO 42008 --- [nacos-grpc-client-executor-9] com.alibaba.nacos.common.remote.client   : [3c781de1-8ce2-47f3-938e-99e4b035e6fd] Receive server push request, request = NotifySubscriberRequest, requestId = 1
16:59:12:459  INFO 42008 --- [nacos-grpc-client-executor-9] com.alibaba.nacos.common.remote.client   : [3c781de1-8ce2-47f3-938e-99e4b035e6fd] Ack server push request, request = NotifySubscriberRequest, requestId = 1
16:59:14:311  INFO 42203 --- [main] com.hmall.item.ItemApplication           : Starting ItemApplication using Java 11.0.25 on lemurArch with PID 42203 (/home/lemur/work/java/project/hmall/item-service/target/classes started by lemur in /home/lemur/work/java/project/hmall)
16:59:14:312 DEBUG 42203 --- [main] com.hmall.item.ItemApplication           : Running with Spring Boot v2.7.12, Spring v5.3.27
16:59:14:313  INFO 42203 --- [main] com.hmall.item.ItemApplication           : The following 1 profile is active: "local"
16:59:14:810  INFO 42203 --- [main] o.s.cloud.context.scope.GenericScope     : BeanFactory id=34af7032-8c77-341e-ba46-07b62f1fe288
16:59:14:953  INFO 42203 --- [main] o.s.b.w.embedded.tomcat.TomcatWebServer  : Tomcat initialized with port(s): 8083 (http)
16:59:14:957  INFO 42203 --- [main] o.apache.catalina.core.StandardService   : Starting service [Tomcat]
16:59:14:957  INFO 42203 --- [main] org.apache.catalina.core.StandardEngine  : Starting Servlet engine: [Apache Tomcat/9.0.75]
16:59:14:997  INFO 42203 --- [main] o.a.c.c.C.[Tomcat].[localhost].[/]       : Initializing Spring embedded WebApplicationContext
16:59:14:997  INFO 42203 --- [main] w.s.c.ServletWebServerApplicationContext : Root WebApplicationContext: initialization completed in 665 ms
16:59:15:380  INFO 42203 --- [main] pertySourcedRequestMappingHandlerMapping : Mapped URL path [/v2/api-docs] onto method [springfox.documentation.swagger2.web.Swagger2ControllerWebMvc#getDocumentation(String, HttpServletRequest)]
16:59:15:463  INFO 42203 --- [main] com.alibaba.nacos.common.remote.client   : [RpcClientFactory] create a new rpc client of 39853a78-c606-4ef8-9dbd-174522525159
16:59:15:483  INFO 42203 --- [main] org.reflections.Reflections              : Reflections took 12 ms to scan 1 urls, producing 3 keys and 6 values 
16:59:15:495  INFO 42203 --- [main] org.reflections.Reflections              : Reflections took 6 ms to scan 1 urls, producing 4 keys and 9 values 
16:59:15:503  INFO 42203 --- [main] org.reflections.Reflections              : Reflections took 6 ms to scan 1 urls, producing 3 keys and 10 values 
16:59:15:504  WARN 42203 --- [main] org.reflections.Reflections              : given scan urls are empty. set urls in the configuration
16:59:15:510  INFO 42203 --- [main] org.reflections.Reflections              : Reflections took 5 ms to scan 1 urls, producing 1 keys and 5 values 
16:59:15:517  INFO 42203 --- [main] org.reflections.Reflections              : Reflections took 5 ms to scan 1 urls, producing 1 keys and 7 values 
16:59:15:524  INFO 42203 --- [main] org.reflections.Reflections              : Reflections took 5 ms to scan 1 urls, producing 2 keys and 8 values 
16:59:15:525  WARN 42203 --- [main] org.reflections.Reflections              : given scan urls are empty. set urls in the configuration
16:59:15:526  INFO 42203 --- [main] com.alibaba.nacos.common.remote.client   : [39853a78-c606-4ef8-9dbd-174522525159] RpcClient init label, labels = {module=naming, source=sdk}
16:59:15:527  INFO 42203 --- [main] com.alibaba.nacos.common.remote.client   : [39853a78-c606-4ef8-9dbd-174522525159] RpcClient init, ServerListFactory = com.alibaba.nacos.client.naming.core.ServerListManager
16:59:15:527  INFO 42203 --- [main] com.alibaba.nacos.common.remote.client   : [39853a78-c606-4ef8-9dbd-174522525159] Registry connection listener to current client:com.alibaba.nacos.client.naming.remote.gprc.redo.NamingGrpcRedoService
16:59:15:527  INFO 42203 --- [main] com.alibaba.nacos.common.remote.client   : [39853a78-c606-4ef8-9dbd-174522525159] Register server push request handler:com.alibaba.nacos.client.naming.remote.gprc.NamingPushRequestHandler
16:59:15:528  INFO 42203 --- [main] com.alibaba.nacos.common.remote.client   : [39853a78-c606-4ef8-9dbd-174522525159] Try to connect to server on start up, server: {serverIp = 'localhost', server main port = 8848}
16:59:15:884  INFO 42203 --- [main] com.alibaba.nacos.common.remote.client   : [39853a78-c606-4ef8-9dbd-174522525159] Success to connect to server [localhost:8848] on start up, connectionId = 1736067555729_172.18.0.1_40516
16:59:15:885  INFO 42203 --- [com.alibaba.nacos.client.remote.worker] com.alibaba.nacos.common.remote.client   : [39853a78-c606-4ef8-9dbd-174522525159] Notify connected event to listeners.
16:59:15:887  INFO 42203 --- [main] com.alibaba.nacos.common.remote.client   : [39853a78-c606-4ef8-9dbd-174522525159] Register server push request handler:com.alibaba.nacos.common.remote.client.RpcClient$ConnectResetRequestHandler
16:59:15:889  INFO 42203 --- [main] com.alibaba.nacos.common.remote.client   : [39853a78-c606-4ef8-9dbd-174522525159] Register server push request handler:com.alibaba.nacos.common.remote.client.RpcClient$$Lambda$905/0x000000080067b040
16:59:15:961  INFO 42203 --- [main] o.s.b.w.embedded.tomcat.TomcatWebServer  : Tomcat started on port(s): 8083 (http) with context path ''
16:59:15:967  INFO 42203 --- [main] c.a.c.n.registry.NacosServiceRegistry    : nacos registry, DEFAULT_GROUP item-service 192.168.101.166:8083 register finished
16:59:15:968  INFO 42203 --- [main] d.s.w.p.DocumentationPluginsBootstrapper : Documentation plugins bootstrapped
16:59:15:970  INFO 42203 --- [main] d.s.w.p.DocumentationPluginsBootstrapper : Found 1 custom documentation plugin(s)
16:59:16:007  INFO 42203 --- [main] s.d.s.w.s.ApiListingReferenceScanner     : Scanning for api listing references
16:59:16:068  INFO 42203 --- [main] com.hmall.item.ItemApplication           : Started ItemApplication in 2.037 seconds (JVM running for 2.408)
16:59:16:446  INFO 42008 --- [nacos-grpc-client-executor-13] com.alibaba.nacos.common.remote.client   : [3c781de1-8ce2-47f3-938e-99e4b035e6fd] Receive server push request, request = NotifySubscriberRequest, requestId = 2
16:59:16:447  INFO 42008 --- [nacos-grpc-client-executor-13] com.alibaba.nacos.common.remote.client   : [3c781de1-8ce2-47f3-938e-99e4b035e6fd] Ack server push request, request = NotifySubscriberRequest, requestId = 2
16:59:16:454  INFO 42203 --- [nacos-grpc-client-executor-10] com.alibaba.nacos.common.remote.client   : [39853a78-c606-4ef8-9dbd-174522525159] Receive server push request, request = NotifySubscriberRequest, requestId = 3
16:59:16:455  INFO 42203 --- [nacos-grpc-client-executor-10] com.alibaba.nacos.common.remote.client   : [39853a78-c606-4ef8-9dbd-174522525159] Ack server push request, request = NotifySubscriberRequest, requestId = 3
17:13:28:646  WARN 42203 --- [Thread-4] c.a.nacos.common.notify.NotifyCenter     : [NotifyCenter] Start destroying Publisher
17:13:28:647  WARN 42203 --- [Thread-4] c.a.nacos.common.notify.NotifyCenter     : [NotifyCenter] Destruction of the end
17:13:28:651  WARN 42203 --- [Thread-7] c.a.n.common.http.HttpClientBeanHolder   : [HttpClientBeanHolder] Start destroying common HttpClient
17:13:28:652  WARN 42203 --- [Thread-7] c.a.n.common.http.HttpClientBeanHolder   : [HttpClientBeanHolder] Destruction of the end
17:13:28:673  INFO 42203 --- [SpringApplicationShutdownHook] c.a.c.n.registry.NacosServiceRegistry    : De-registering from Nacos Server now...
17:13:28:675  INFO 42203 --- [SpringApplicationShutdownHook] c.a.c.n.registry.NacosServiceRegistry    : De-registration finished.
17:13:28:977  INFO 42203 --- [SpringApplicationShutdownHook] com.alibaba.nacos.common.remote.client   : Shutdown rpc client, set status to shutdown
17:13:28:977  INFO 42203 --- [SpringApplicationShutdownHook] com.alibaba.nacos.common.remote.client   : Shutdown client event executor java.util.concurrent.ScheduledThreadPoolExecutor@4228aae9[Running, pool size = 2, active threads = 2, queued tasks = 0, completed tasks = 0]
17:13:28:977  INFO 42203 --- [SpringApplicationShutdownHook] com.alibaba.nacos.common.remote.client   : Close current connection 1736067555729_172.18.0.1_40516
17:13:28:979  INFO 42203 --- [nacos-grpc-client-executor-318] c.a.n.c.remote.client.grpc.GrpcClient    : [1736067555729_172.18.0.1_40516]Ignore complete event,isRunning:false,isAbandon=false
17:13:28:979  INFO 42203 --- [SpringApplicationShutdownHook] c.a.n.c.remote.client.grpc.GrpcClient    : Shutdown grpc executor java.util.concurrent.ThreadPoolExecutor@4b7540b4[Running, pool size = 7, active threads = 0, queued tasks = 0, completed tasks = 319]
17:13:29:235  INFO 42008 --- [nacos-grpc-client-executor-333] com.alibaba.nacos.common.remote.client   : [3c781de1-8ce2-47f3-938e-99e4b035e6fd] Receive server push request, request = NotifySubscriberRequest, requestId = 6
17:13:29:236  INFO 42008 --- [nacos-grpc-client-executor-333] com.alibaba.nacos.common.remote.client   : [3c781de1-8ce2-47f3-938e-99e4b035e6fd] Ack server push request, request = NotifySubscriberRequest, requestId = 6
17:13:32:364  WARN 42008 --- [Thread-4] c.a.nacos.common.notify.NotifyCenter     : [NotifyCenter] Start destroying Publisher
17:13:32:364  WARN 42008 --- [Thread-4] c.a.nacos.common.notify.NotifyCenter     : [NotifyCenter] Destruction of the end
17:13:32:369  WARN 42008 --- [Thread-7] c.a.n.common.http.HttpClientBeanHolder   : [HttpClientBeanHolder] Start destroying common HttpClient
17:13:32:369  WARN 42008 --- [Thread-7] c.a.n.common.http.HttpClientBeanHolder   : [HttpClientBeanHolder] Destruction of the end
17:13:32:390  INFO 42008 --- [SpringApplicationShutdownHook] c.a.c.n.registry.NacosServiceRegistry    : De-registering from Nacos Server now...
17:13:32:392  INFO 42008 --- [SpringApplicationShutdownHook] c.a.c.n.registry.NacosServiceRegistry    : De-registration finished.
17:13:32:697  INFO 42008 --- [SpringApplicationShutdownHook] com.alibaba.nacos.common.remote.client   : Shutdown rpc client, set status to shutdown
17:13:32:698  INFO 42008 --- [SpringApplicationShutdownHook] com.alibaba.nacos.common.remote.client   : Shutdown client event executor java.util.concurrent.ScheduledThreadPoolExecutor@6c6579b1[Running, pool size = 2, active threads = 2, queued tasks = 0, completed tasks = 0]
17:13:32:698  INFO 42008 --- [SpringApplicationShutdownHook] com.alibaba.nacos.common.remote.client   : Close current connection 1736067551605_172.18.0.1_40506
17:13:32:701  INFO 42008 --- [nacos-grpc-client-executor-338] c.a.n.c.remote.client.grpc.GrpcClient    : [1736067551605_172.18.0.1_40506]Ignore complete event,isRunning:false,isAbandon=false
17:13:32:707  INFO 42008 --- [SpringApplicationShutdownHook] c.a.n.c.remote.client.grpc.GrpcClient    : Shutdown grpc executor java.util.concurrent.ThreadPoolExecutor@2191c8b[Running, pool size = 8, active threads = 0, queued tasks = 0, completed tasks = 339]
17:13:38:713  INFO 51863 --- [main] com.hmall.item.ItemApplication           : Starting ItemApplication using Java 11.0.25 on lemurArch with PID 51863 (/home/lemur/work/java/project/hmall/item-service/target/classes started by lemur in /home/lemur/work/java/project/hmall)
17:13:38:714 DEBUG 51863 --- [main] com.hmall.item.ItemApplication           : Running with Spring Boot v2.7.12, Spring v5.3.27
17:13:38:714  INFO 51863 --- [main] com.hmall.item.ItemApplication           : The following 1 profile is active: "local"
17:13:39:268  INFO 51863 --- [main] o.s.cloud.context.scope.GenericScope     : BeanFactory id=34af7032-8c77-341e-ba46-07b62f1fe288
17:13:39:426  INFO 51863 --- [main] o.s.b.w.embedded.tomcat.TomcatWebServer  : Tomcat initialized with port(s): 8081 (http)
17:13:39:431  INFO 51863 --- [main] o.apache.catalina.core.StandardService   : Starting service [Tomcat]
17:13:39:431  INFO 51863 --- [main] org.apache.catalina.core.StandardEngine  : Starting Servlet engine: [Apache Tomcat/9.0.75]
17:13:39:470  INFO 51863 --- [main] o.a.c.c.C.[Tomcat].[localhost].[/]       : Initializing Spring embedded WebApplicationContext
17:13:39:471  INFO 51863 --- [main] w.s.c.ServletWebServerApplicationContext : Root WebApplicationContext: initialization completed in 731 ms
17:13:39:856  INFO 51863 --- [main] pertySourcedRequestMappingHandlerMapping : Mapped URL path [/v2/api-docs] onto method [springfox.documentation.swagger2.web.Swagger2ControllerWebMvc#getDocumentation(String, HttpServletRequest)]
17:13:39:944  INFO 51863 --- [main] com.alibaba.nacos.common.remote.client   : [RpcClientFactory] create a new rpc client of 029ae715-9c4e-46a9-9e0f-5acba91a77b4
17:13:39:964  INFO 51863 --- [main] org.reflections.Reflections              : Reflections took 11 ms to scan 1 urls, producing 3 keys and 6 values 
17:13:39:977  INFO 51863 --- [main] org.reflections.Reflections              : Reflections took 7 ms to scan 1 urls, producing 4 keys and 9 values 
17:13:39:985  INFO 51863 --- [main] org.reflections.Reflections              : Reflections took 6 ms to scan 1 urls, producing 3 keys and 10 values 
17:13:39:986  WARN 51863 --- [main] org.reflections.Reflections              : given scan urls are empty. set urls in the configuration
17:13:39:992  INFO 51863 --- [main] org.reflections.Reflections              : Reflections took 6 ms to scan 1 urls, producing 1 keys and 5 values 
17:13:39:998  INFO 51863 --- [main] org.reflections.Reflections              : Reflections took 5 ms to scan 1 urls, producing 1 keys and 7 values 
17:13:40:005  INFO 51863 --- [main] org.reflections.Reflections              : Reflections took 6 ms to scan 1 urls, producing 2 keys and 8 values 
17:13:40:006  WARN 51863 --- [main] org.reflections.Reflections              : given scan urls are empty. set urls in the configuration
17:13:40:006  INFO 51863 --- [main] com.alibaba.nacos.common.remote.client   : [029ae715-9c4e-46a9-9e0f-5acba91a77b4] RpcClient init label, labels = {module=naming, source=sdk}
17:13:40:007  INFO 51863 --- [main] com.alibaba.nacos.common.remote.client   : [029ae715-9c4e-46a9-9e0f-5acba91a77b4] RpcClient init, ServerListFactory = com.alibaba.nacos.client.naming.core.ServerListManager
17:13:40:008  INFO 51863 --- [main] com.alibaba.nacos.common.remote.client   : [029ae715-9c4e-46a9-9e0f-5acba91a77b4] Registry connection listener to current client:com.alibaba.nacos.client.naming.remote.gprc.redo.NamingGrpcRedoService
17:13:40:008  INFO 51863 --- [main] com.alibaba.nacos.common.remote.client   : [029ae715-9c4e-46a9-9e0f-5acba91a77b4] Register server push request handler:com.alibaba.nacos.client.naming.remote.gprc.NamingPushRequestHandler
17:13:40:009  INFO 51863 --- [main] com.alibaba.nacos.common.remote.client   : [029ae715-9c4e-46a9-9e0f-5acba91a77b4] Try to connect to server on start up, server: {serverIp = 'localhost', server main port = 8848}
17:13:40:371  INFO 51863 --- [main] com.alibaba.nacos.common.remote.client   : [029ae715-9c4e-46a9-9e0f-5acba91a77b4] Success to connect to server [localhost:8848] on start up, connectionId = 1736068420197_172.18.0.1_54446
17:13:40:371  INFO 51863 --- [com.alibaba.nacos.client.remote.worker] com.alibaba.nacos.common.remote.client   : [029ae715-9c4e-46a9-9e0f-5acba91a77b4] Notify connected event to listeners.
17:13:40:372  INFO 51863 --- [main] com.alibaba.nacos.common.remote.client   : [029ae715-9c4e-46a9-9e0f-5acba91a77b4] Register server push request handler:com.alibaba.nacos.common.remote.client.RpcClient$ConnectResetRequestHandler
17:13:40:372  INFO 51863 --- [main] com.alibaba.nacos.common.remote.client   : [029ae715-9c4e-46a9-9e0f-5acba91a77b4] Register server push request handler:com.alibaba.nacos.common.remote.client.RpcClient$$Lambda$905/0x0000000800673040
17:13:40:402  INFO 51863 --- [main] o.s.b.w.embedded.tomcat.TomcatWebServer  : Tomcat started on port(s): 8081 (http) with context path ''
17:13:40:410  INFO 51863 --- [main] c.a.c.n.registry.NacosServiceRegistry    : nacos registry, DEFAULT_GROUP item-service 192.168.101.166:8081 register finished
17:13:40:411  INFO 51863 --- [main] d.s.w.p.DocumentationPluginsBootstrapper : Documentation plugins bootstrapped
17:13:40:414  INFO 51863 --- [main] d.s.w.p.DocumentationPluginsBootstrapper : Found 1 custom documentation plugin(s)
17:13:40:431  INFO 51863 --- [main] s.d.s.w.s.ApiListingReferenceScanner     : Scanning for api listing references
17:13:40:523  INFO 51863 --- [main] com.hmall.item.ItemApplication           : Started ItemApplication in 2.116 seconds (JVM running for 3.743)
17:13:40:638  INFO 52022 --- [main] com.hmall.item.ItemApplication           : Starting ItemApplication using Java 11.0.25 on lemurArch with PID 52022 (/home/lemur/work/java/project/hmall/item-service/target/classes started by lemur in /home/lemur/work/java/project/hmall)
17:13:40:639 DEBUG 52022 --- [main] com.hmall.item.ItemApplication           : Running with Spring Boot v2.7.12, Spring v5.3.27
17:13:40:639  INFO 52022 --- [main] com.hmall.item.ItemApplication           : The following 1 profile is active: "local"
17:13:40:952  INFO 51863 --- [nacos-grpc-client-executor-10] com.alibaba.nacos.common.remote.client   : [029ae715-9c4e-46a9-9e0f-5acba91a77b4] Receive server push request, request = NotifySubscriberRequest, requestId = 8
17:13:40:953  INFO 51863 --- [nacos-grpc-client-executor-10] com.alibaba.nacos.common.remote.client   : [029ae715-9c4e-46a9-9e0f-5acba91a77b4] Ack server push request, request = NotifySubscriberRequest, requestId = 8
17:13:41:092  INFO 52022 --- [main] o.s.cloud.context.scope.GenericScope     : BeanFactory id=34af7032-8c77-341e-ba46-07b62f1fe288
17:13:41:243  INFO 52022 --- [main] o.s.b.w.embedded.tomcat.TomcatWebServer  : Tomcat initialized with port(s): 8083 (http)
17:13:41:247  INFO 52022 --- [main] o.apache.catalina.core.StandardService   : Starting service [Tomcat]
17:13:41:247  INFO 52022 --- [main] org.apache.catalina.core.StandardEngine  : Starting Servlet engine: [Apache Tomcat/9.0.75]
17:13:41:291  INFO 52022 --- [main] o.a.c.c.C.[Tomcat].[localhost].[/]       : Initializing Spring embedded WebApplicationContext
17:13:41:291  INFO 52022 --- [main] w.s.c.ServletWebServerApplicationContext : Root WebApplicationContext: initialization completed in 633 ms
17:13:41:703  INFO 52022 --- [main] pertySourcedRequestMappingHandlerMapping : Mapped URL path [/v2/api-docs] onto method [springfox.documentation.swagger2.web.Swagger2ControllerWebMvc#getDocumentation(String, HttpServletRequest)]
17:13:41:793  INFO 52022 --- [main] com.alibaba.nacos.common.remote.client   : [RpcClientFactory] create a new rpc client of ddac2992-4f04-4349-928b-b283499ce26a
17:13:41:813  INFO 52022 --- [main] org.reflections.Reflections              : Reflections took 12 ms to scan 1 urls, producing 3 keys and 6 values 
17:13:41:826  INFO 52022 --- [main] org.reflections.Reflections              : Reflections took 7 ms to scan 1 urls, producing 4 keys and 9 values 
17:13:41:833  INFO 52022 --- [main] org.reflections.Reflections              : Reflections took 5 ms to scan 1 urls, producing 3 keys and 10 values 
17:13:41:834  WARN 52022 --- [main] org.reflections.Reflections              : given scan urls are empty. set urls in the configuration
17:13:41:840  INFO 52022 --- [main] org.reflections.Reflections              : Reflections took 5 ms to scan 1 urls, producing 1 keys and 5 values 
17:13:41:847  INFO 52022 --- [main] org.reflections.Reflections              : Reflections took 6 ms to scan 1 urls, producing 1 keys and 7 values 
17:13:41:854  INFO 52022 --- [main] org.reflections.Reflections              : Reflections took 5 ms to scan 1 urls, producing 2 keys and 8 values 
17:13:41:855  WARN 52022 --- [main] org.reflections.Reflections              : given scan urls are empty. set urls in the configuration
17:13:41:855  INFO 52022 --- [main] com.alibaba.nacos.common.remote.client   : [ddac2992-4f04-4349-928b-b283499ce26a] RpcClient init label, labels = {module=naming, source=sdk}
17:13:41:856  INFO 52022 --- [main] com.alibaba.nacos.common.remote.client   : [ddac2992-4f04-4349-928b-b283499ce26a] RpcClient init, ServerListFactory = com.alibaba.nacos.client.naming.core.ServerListManager
17:13:41:856  INFO 52022 --- [main] com.alibaba.nacos.common.remote.client   : [ddac2992-4f04-4349-928b-b283499ce26a] Registry connection listener to current client:com.alibaba.nacos.client.naming.remote.gprc.redo.NamingGrpcRedoService
17:13:41:857  INFO 52022 --- [main] com.alibaba.nacos.common.remote.client   : [ddac2992-4f04-4349-928b-b283499ce26a] Register server push request handler:com.alibaba.nacos.client.naming.remote.gprc.NamingPushRequestHandler
17:13:41:857  INFO 52022 --- [main] com.alibaba.nacos.common.remote.client   : [ddac2992-4f04-4349-928b-b283499ce26a] Try to connect to server on start up, server: {serverIp = 'localhost', server main port = 8848}
17:13:42:224  INFO 52022 --- [main] com.alibaba.nacos.common.remote.client   : [ddac2992-4f04-4349-928b-b283499ce26a] Success to connect to server [localhost:8848] on start up, connectionId = 1736068422045_172.18.0.1_45080
17:13:42:225  INFO 52022 --- [com.alibaba.nacos.client.remote.worker] com.alibaba.nacos.common.remote.client   : [ddac2992-4f04-4349-928b-b283499ce26a] Notify connected event to listeners.
17:13:42:226  INFO 52022 --- [main] com.alibaba.nacos.common.remote.client   : [ddac2992-4f04-4349-928b-b283499ce26a] Register server push request handler:com.alibaba.nacos.common.remote.client.RpcClient$ConnectResetRequestHandler
17:13:42:226  INFO 52022 --- [main] com.alibaba.nacos.common.remote.client   : [ddac2992-4f04-4349-928b-b283499ce26a] Register server push request handler:com.alibaba.nacos.common.remote.client.RpcClient$$Lambda$905/0x0000000800673040
17:13:42:258  INFO 52022 --- [main] o.s.b.w.embedded.tomcat.TomcatWebServer  : Tomcat started on port(s): 8083 (http) with context path ''
17:13:42:265  INFO 52022 --- [main] c.a.c.n.registry.NacosServiceRegistry    : nacos registry, DEFAULT_GROUP item-service 192.168.101.166:8083 register finished
17:13:42:266  INFO 52022 --- [main] d.s.w.p.DocumentationPluginsBootstrapper : Documentation plugins bootstrapped
17:13:42:268  INFO 52022 --- [main] d.s.w.p.DocumentationPluginsBootstrapper : Found 1 custom documentation plugin(s)
17:13:42:283  INFO 52022 --- [main] s.d.s.w.s.ApiListingReferenceScanner     : Scanning for api listing references
17:13:42:345  INFO 52022 --- [main] com.hmall.item.ItemApplication           : Started ItemApplication in 1.986 seconds (JVM running for 3.61)
17:13:42:748  INFO 51863 --- [nacos-grpc-client-executor-13] com.alibaba.nacos.common.remote.client   : [029ae715-9c4e-46a9-9e0f-5acba91a77b4] Receive server push request, request = NotifySubscriberRequest, requestId = 9
17:13:42:749  INFO 51863 --- [nacos-grpc-client-executor-13] com.alibaba.nacos.common.remote.client   : [029ae715-9c4e-46a9-9e0f-5acba91a77b4] Ack server push request, request = NotifySubscriberRequest, requestId = 9
17:13:42:756  INFO 52022 --- [nacos-grpc-client-executor-12] com.alibaba.nacos.common.remote.client   : [ddac2992-4f04-4349-928b-b283499ce26a] Receive server push request, request = NotifySubscriberRequest, requestId = 10
17:13:42:756  INFO 52022 --- [nacos-grpc-client-executor-12] com.alibaba.nacos.common.remote.client   : [ddac2992-4f04-4349-928b-b283499ce26a] Ack server push request, request = NotifySubscriberRequest, requestId = 10
17:18:09:423  INFO 52022 --- [http-nio-8083-exec-1] o.a.c.c.C.[Tomcat].[localhost].[/]       : Initializing Spring DispatcherServlet 'dispatcherServlet'
17:18:09:423  INFO 52022 --- [http-nio-8083-exec-1] o.s.web.servlet.DispatcherServlet        : Initializing Servlet 'dispatcherServlet'
17:18:09:424  INFO 52022 --- [http-nio-8083-exec-1] o.s.web.servlet.DispatcherServlet        : Completed initialization in 0 ms
17:18:12:237  INFO 52022 --- [http-nio-8083-exec-1] com.zaxxer.hikari.HikariDataSource       : HikariPool-1 - Starting...
17:18:12:365  INFO 52022 --- [http-nio-8083-exec-1] com.zaxxer.hikari.HikariDataSource       : HikariPool-1 - Start completed.
17:18:12:368 DEBUG 52022 --- [http-nio-8083-exec-1] c.h.i.mapper.ItemMapper.selectBatchIds   : ==>  Preparing: SELECT id,name,price,stock,image,category,brand,spec,sold,comment_count,isAD,status,create_time,update_time,creater,updater FROM item WHERE id IN ( ? )
17:18:12:380 DEBUG 52022 --- [http-nio-8083-exec-1] c.h.i.mapper.ItemMapper.selectBatchIds   : ==> Parameters: 100000006163(Long)
17:18:12:398 DEBUG 52022 --- [http-nio-8083-exec-1] c.h.i.mapper.ItemMapper.selectBatchIds   : <==      Total: 1
17:18:23:755  INFO 51863 --- [http-nio-8081-exec-1] o.a.c.c.C.[Tomcat].[localhost].[/]       : Initializing Spring DispatcherServlet 'dispatcherServlet'
17:18:23:755  INFO 51863 --- [http-nio-8081-exec-1] o.s.web.servlet.DispatcherServlet        : Initializing Servlet 'dispatcherServlet'
17:18:23:756  INFO 51863 --- [http-nio-8081-exec-1] o.s.web.servlet.DispatcherServlet        : Completed initialization in 1 ms
17:18:23:788  INFO 51863 --- [http-nio-8081-exec-1] com.zaxxer.hikari.HikariDataSource       : HikariPool-1 - Starting...
17:18:23:945  INFO 51863 --- [http-nio-8081-exec-1] com.zaxxer.hikari.HikariDataSource       : HikariPool-1 - Start completed.
17:18:23:948 DEBUG 51863 --- [http-nio-8081-exec-1] c.h.i.mapper.ItemMapper.selectBatchIds   : ==>  Preparing: SELECT id,name,price,stock,image,category,brand,spec,sold,comment_count,isAD,status,create_time,update_time,creater,updater FROM item WHERE id IN ( ? )
17:18:23:958 DEBUG 51863 --- [http-nio-8081-exec-1] c.h.i.mapper.ItemMapper.selectBatchIds   : ==> Parameters: 100000006163(Long)
17:18:23:969 DEBUG 51863 --- [http-nio-8081-exec-1] c.h.i.mapper.ItemMapper.selectBatchIds   : <==      Total: 1
17:18:48:775  WARN 51863 --- [Thread-7] c.a.n.common.http.HttpClientBeanHolder   : [HttpClientBeanHolder] Start destroying common HttpClient
17:18:48:776  WARN 51863 --- [Thread-7] c.a.n.common.http.HttpClientBeanHolder   : [HttpClientBeanHolder] Destruction of the end
17:18:48:779  WARN 51863 --- [Thread-4] c.a.nacos.common.notify.NotifyCenter     : [NotifyCenter] Start destroying Publisher
17:18:48:779  WARN 51863 --- [Thread-4] c.a.nacos.common.notify.NotifyCenter     : [NotifyCenter] Destruction of the end
17:18:48:807  INFO 51863 --- [SpringApplicationShutdownHook] c.a.c.n.registry.NacosServiceRegistry    : De-registering from Nacos Server now...
17:18:48:810  INFO 51863 --- [SpringApplicationShutdownHook] c.a.c.n.registry.NacosServiceRegistry    : De-registration finished.
17:18:49:116  INFO 51863 --- [SpringApplicationShutdownHook] com.alibaba.nacos.common.remote.client   : Shutdown rpc client, set status to shutdown
17:18:49:116  INFO 51863 --- [SpringApplicationShutdownHook] com.alibaba.nacos.common.remote.client   : Shutdown client event executor java.util.concurrent.ScheduledThreadPoolExecutor@7480fe87[Running, pool size = 2, active threads = 2, queued tasks = 0, completed tasks = 0]
17:18:49:116  INFO 51863 --- [SpringApplicationShutdownHook] com.alibaba.nacos.common.remote.client   : Close current connection 1736068420197_172.18.0.1_54446
17:18:49:118  INFO 51863 --- [nacos-grpc-client-executor-138] c.a.n.c.remote.client.grpc.GrpcClient    : [1736068420197_172.18.0.1_54446]Ignore complete event,isRunning:false,isAbandon=false
17:18:49:123  INFO 51863 --- [SpringApplicationShutdownHook] c.a.n.c.remote.client.grpc.GrpcClient    : Shutdown grpc executor java.util.concurrent.ThreadPoolExecutor@2881c7b4[Running, pool size = 8, active threads = 0, queued tasks = 0, completed tasks = 139]
17:18:49:135  INFO 51863 --- [SpringApplicationShutdownHook] com.zaxxer.hikari.HikariDataSource       : HikariPool-1 - Shutdown initiated...
17:18:49:157  INFO 51863 --- [SpringApplicationShutdownHook] com.zaxxer.hikari.HikariDataSource       : HikariPool-1 - Shutdown completed.
17:18:49:339  INFO 52022 --- [nacos-grpc-client-executor-133] com.alibaba.nacos.common.remote.client   : [ddac2992-4f04-4349-928b-b283499ce26a] Receive server push request, request = NotifySubscriberRequest, requestId = 17
17:18:49:342  INFO 52022 --- [nacos-grpc-client-executor-133] com.alibaba.nacos.common.remote.client   : [ddac2992-4f04-4349-928b-b283499ce26a] Ack server push request, request = NotifySubscriberRequest, requestId = 17
17:18:51:747 DEBUG 52022 --- [http-nio-8083-exec-2] c.h.i.mapper.ItemMapper.selectBatchIds   : ==>  Preparing: SELECT id,name,price,stock,image,category,brand,spec,sold,comment_count,isAD,status,create_time,update_time,creater,updater FROM item WHERE id IN ( ? )
17:18:51:747 DEBUG 52022 --- [http-nio-8083-exec-2] c.h.i.mapper.ItemMapper.selectBatchIds   : ==> Parameters: 100000006163(Long)
17:18:51:751 DEBUG 52022 --- [http-nio-8083-exec-2] c.h.i.mapper.ItemMapper.selectBatchIds   : <==      Total: 1
17:18:52:842 DEBUG 52022 --- [http-nio-8083-exec-3] c.h.i.mapper.ItemMapper.selectBatchIds   : ==>  Preparing: SELECT id,name,price,stock,image,category,brand,spec,sold,comment_count,isAD,status,create_time,update_time,creater,updater FROM item WHERE id IN ( ? )
17:18:52:842 DEBUG 52022 --- [http-nio-8083-exec-3] c.h.i.mapper.ItemMapper.selectBatchIds   : ==> Parameters: 100000006163(Long)
17:18:52:843 DEBUG 52022 --- [http-nio-8083-exec-3] c.h.i.mapper.ItemMapper.selectBatchIds   : <==      Total: 1
17:18:53:397 DEBUG 52022 --- [http-nio-8083-exec-4] c.h.i.mapper.ItemMapper.selectBatchIds   : ==>  Preparing: SELECT id,name,price,stock,image,category,brand,spec,sold,comment_count,isAD,status,create_time,update_time,creater,updater FROM item WHERE id IN ( ? )
17:18:53:398 DEBUG 52022 --- [http-nio-8083-exec-4] c.h.i.mapper.ItemMapper.selectBatchIds   : ==> Parameters: 100000006163(Long)
17:18:53:400 DEBUG 52022 --- [http-nio-8083-exec-4] c.h.i.mapper.ItemMapper.selectBatchIds   : <==      Total: 1
17:18:53:892 DEBUG 52022 --- [http-nio-8083-exec-5] c.h.i.mapper.ItemMapper.selectBatchIds   : ==>  Preparing: SELECT id,name,price,stock,image,category,brand,spec,sold,comment_count,isAD,status,create_time,update_time,creater,updater FROM item WHERE id IN ( ? )
17:18:53:892 DEBUG 52022 --- [http-nio-8083-exec-5] c.h.i.mapper.ItemMapper.selectBatchIds   : ==> Parameters: 100000006163(Long)
17:18:53:895 DEBUG 52022 --- [http-nio-8083-exec-5] c.h.i.mapper.ItemMapper.selectBatchIds   : <==      Total: 1
17:25:09:284  WARN 52022 --- [Thread-7] c.a.n.common.http.HttpClientBeanHolder   : [HttpClientBeanHolder] Start destroying common HttpClient
17:25:09:285  WARN 52022 --- [Thread-7] c.a.n.common.http.HttpClientBeanHolder   : [HttpClientBeanHolder] Destruction of the end
17:25:09:285  WARN 52022 --- [Thread-4] c.a.nacos.common.notify.NotifyCenter     : [NotifyCenter] Start destroying Publisher
17:25:09:286  WARN 52022 --- [Thread-4] c.a.nacos.common.notify.NotifyCenter     : [NotifyCenter] Destruction of the end
17:25:09:311  INFO 52022 --- [SpringApplicationShutdownHook] c.a.c.n.registry.NacosServiceRegistry    : De-registering from Nacos Server now...
17:25:09:314  INFO 52022 --- [SpringApplicationShutdownHook] c.a.c.n.registry.NacosServiceRegistry    : De-registration finished.
17:25:09:620  INFO 52022 --- [SpringApplicationShutdownHook] com.alibaba.nacos.common.remote.client   : Shutdown rpc client, set status to shutdown
17:25:09:621  INFO 52022 --- [SpringApplicationShutdownHook] com.alibaba.nacos.common.remote.client   : Shutdown client event executor java.util.concurrent.ScheduledThreadPoolExecutor@27a50a1d[Running, pool size = 2, active threads = 2, queued tasks = 0, completed tasks = 0]
17:25:09:621  INFO 52022 --- [SpringApplicationShutdownHook] com.alibaba.nacos.common.remote.client   : Close current connection 1736068422045_172.18.0.1_45080
17:25:09:623  INFO 52022 --- [nacos-grpc-client-executor-243] c.a.n.c.remote.client.grpc.GrpcClient    : [1736068422045_172.18.0.1_45080]Ignore complete event,isRunning:false,isAbandon=false
17:25:09:631  INFO 52022 --- [SpringApplicationShutdownHook] c.a.n.c.remote.client.grpc.GrpcClient    : Shutdown grpc executor java.util.concurrent.ThreadPoolExecutor@33bd4e1c[Running, pool size = 6, active threads = 0, queued tasks = 0, completed tasks = 244]
17:25:09:644  INFO 52022 --- [SpringApplicationShutdownHook] com.zaxxer.hikari.HikariDataSource       : HikariPool-1 - Shutdown initiated...
17:25:09:675  INFO 52022 --- [SpringApplicationShutdownHook] com.zaxxer.hikari.HikariDataSource       : HikariPool-1 - Shutdown completed.
17:30:55:322  INFO 61708 --- [main] com.hmall.item.ItemApplication           : Starting ItemApplication using Java 11.0.25 on lemurArch with PID 61708 (/home/lemur/work/java/project/hmall/item-service/target/classes started by lemur in /home/lemur/work/java/project/hmall)
17:30:55:323 DEBUG 61708 --- [main] com.hmall.item.ItemApplication           : Running with Spring Boot v2.7.12, Spring v5.3.27
17:30:55:324  INFO 61708 --- [main] com.hmall.item.ItemApplication           : The following 1 profile is active: "local"
17:30:55:793  INFO 61708 --- [main] o.s.cloud.context.scope.GenericScope     : BeanFactory id=34af7032-8c77-341e-ba46-07b62f1fe288
17:30:55:952  INFO 61708 --- [main] o.s.b.w.embedded.tomcat.TomcatWebServer  : Tomcat initialized with port(s): 8081 (http)
17:30:55:957  INFO 61708 --- [main] o.apache.catalina.core.StandardService   : Starting service [Tomcat]
17:30:55:957  INFO 61708 --- [main] org.apache.catalina.core.StandardEngine  : Starting Servlet engine: [Apache Tomcat/9.0.75]
17:30:56:004  INFO 61708 --- [main] o.a.c.c.C.[Tomcat].[localhost].[/]       : Initializing Spring embedded WebApplicationContext
17:30:56:004  INFO 61708 --- [main] w.s.c.ServletWebServerApplicationContext : Root WebApplicationContext: initialization completed in 656 ms
17:30:56:505  INFO 61708 --- [main] pertySourcedRequestMappingHandlerMapping : Mapped URL path [/v2/api-docs] onto method [springfox.documentation.swagger2.web.Swagger2ControllerWebMvc#getDocumentation(String, HttpServletRequest)]
17:30:56:649  INFO 61708 --- [main] com.alibaba.nacos.common.remote.client   : [RpcClientFactory] create a new rpc client of e712e207-3bfc-470f-a398-b2e4e69934dc
17:30:56:683  INFO 61708 --- [main] org.reflections.Reflections              : Reflections took 20 ms to scan 1 urls, producing 3 keys and 6 values 
17:30:56:705  INFO 61708 --- [main] org.reflections.Reflections              : Reflections took 11 ms to scan 1 urls, producing 4 keys and 9 values 
17:30:56:718  INFO 61708 --- [main] org.reflections.Reflections              : Reflections took 11 ms to scan 1 urls, producing 3 keys and 10 values 
17:30:56:722  WARN 61708 --- [main] org.reflections.Reflections              : given scan urls are empty. set urls in the configuration
17:30:56:733  INFO 61708 --- [main] org.reflections.Reflections              : Reflections took 10 ms to scan 1 urls, producing 1 keys and 5 values 
17:30:56:742  INFO 61708 --- [main] org.reflections.Reflections              : Reflections took 7 ms to scan 1 urls, producing 1 keys and 7 values 
17:30:56:750  INFO 61708 --- [main] org.reflections.Reflections              : Reflections took 6 ms to scan 1 urls, producing 2 keys and 8 values 
17:30:56:751  WARN 61708 --- [main] org.reflections.Reflections              : given scan urls are empty. set urls in the configuration
17:30:56:752  INFO 61708 --- [main] com.alibaba.nacos.common.remote.client   : [e712e207-3bfc-470f-a398-b2e4e69934dc] RpcClient init label, labels = {module=naming, source=sdk}
17:30:56:753  INFO 61708 --- [main] com.alibaba.nacos.common.remote.client   : [e712e207-3bfc-470f-a398-b2e4e69934dc] RpcClient init, ServerListFactory = com.alibaba.nacos.client.naming.core.ServerListManager
17:30:56:753  INFO 61708 --- [main] com.alibaba.nacos.common.remote.client   : [e712e207-3bfc-470f-a398-b2e4e69934dc] Registry connection listener to current client:com.alibaba.nacos.client.naming.remote.gprc.redo.NamingGrpcRedoService
17:30:56:753  INFO 61708 --- [main] com.alibaba.nacos.common.remote.client   : [e712e207-3bfc-470f-a398-b2e4e69934dc] Register server push request handler:com.alibaba.nacos.client.naming.remote.gprc.NamingPushRequestHandler
17:30:56:754  INFO 61708 --- [main] com.alibaba.nacos.common.remote.client   : [e712e207-3bfc-470f-a398-b2e4e69934dc] Try to connect to server on start up, server: {serverIp = 'localhost', server main port = 8848}
17:30:57:220  INFO 61708 --- [main] com.alibaba.nacos.common.remote.client   : [e712e207-3bfc-470f-a398-b2e4e69934dc] Success to connect to server [localhost:8848] on start up, connectionId = 1736069457035_172.18.0.1_32922
17:30:57:220  INFO 61708 --- [com.alibaba.nacos.client.remote.worker] com.alibaba.nacos.common.remote.client   : [e712e207-3bfc-470f-a398-b2e4e69934dc] Notify connected event to listeners.
17:30:57:221  INFO 61708 --- [main] com.alibaba.nacos.common.remote.client   : [e712e207-3bfc-470f-a398-b2e4e69934dc] Register server push request handler:com.alibaba.nacos.common.remote.client.RpcClient$ConnectResetRequestHandler
17:30:57:221  INFO 61708 --- [main] com.alibaba.nacos.common.remote.client   : [e712e207-3bfc-470f-a398-b2e4e69934dc] Register server push request handler:com.alibaba.nacos.common.remote.client.RpcClient$$Lambda$905/0x0000000800673040
17:30:57:257  INFO 61708 --- [main] o.s.b.w.embedded.tomcat.TomcatWebServer  : Tomcat started on port(s): 8081 (http) with context path ''
17:30:57:267  INFO 61708 --- [main] c.a.c.n.registry.NacosServiceRegistry    : nacos registry, DEFAULT_GROUP item-service 192.168.101.166:8081 register finished
17:30:57:269  INFO 61708 --- [main] d.s.w.p.DocumentationPluginsBootstrapper : Documentation plugins bootstrapped
17:30:57:271  INFO 61708 --- [main] d.s.w.p.DocumentationPluginsBootstrapper : Found 1 custom documentation plugin(s)
17:30:57:288  INFO 61708 --- [main] s.d.s.w.s.ApiListingReferenceScanner     : Scanning for api listing references
17:30:57:389  INFO 61708 --- [main] com.hmall.item.ItemApplication           : Started ItemApplication in 2.306 seconds (JVM running for 3.886)
17:30:57:813  INFO 61708 --- [nacos-grpc-client-executor-11] com.alibaba.nacos.common.remote.client   : [e712e207-3bfc-470f-a398-b2e4e69934dc] Receive server push request, request = NotifySubscriberRequest, requestId = 18
17:30:57:815  INFO 61708 --- [nacos-grpc-client-executor-11] com.alibaba.nacos.common.remote.client   : [e712e207-3bfc-470f-a398-b2e4e69934dc] Ack server push request, request = NotifySubscriberRequest, requestId = 18
17:31:08:661  INFO 61708 --- [http-nio-8081-exec-1] o.a.c.c.C.[Tomcat].[localhost].[/]       : Initializing Spring DispatcherServlet 'dispatcherServlet'
17:31:08:661  INFO 61708 --- [http-nio-8081-exec-1] o.s.web.servlet.DispatcherServlet        : Initializing Servlet 'dispatcherServlet'
17:31:08:662  INFO 61708 --- [http-nio-8081-exec-1] o.s.web.servlet.DispatcherServlet        : Completed initialization in 1 ms
17:31:08:696  INFO 61708 --- [http-nio-8081-exec-1] com.zaxxer.hikari.HikariDataSource       : HikariPool-1 - Starting...
17:31:08:825  INFO 61708 --- [http-nio-8081-exec-1] com.zaxxer.hikari.HikariDataSource       : HikariPool-1 - Start completed.
17:31:08:828 DEBUG 61708 --- [http-nio-8081-exec-1] c.h.i.mapper.ItemMapper.selectBatchIds   : ==>  Preparing: SELECT id,name,price,stock,image,category,brand,spec,sold,comment_count,isAD,status,create_time,update_time,creater,updater FROM item WHERE id IN ( ? )
17:31:08:837 DEBUG 61708 --- [http-nio-8081-exec-1] c.h.i.mapper.ItemMapper.selectBatchIds   : ==> Parameters: 100000006163(Long)
17:31:08:847 DEBUG 61708 --- [http-nio-8081-exec-1] c.h.i.mapper.ItemMapper.selectBatchIds   : <==      Total: 1
17:31:20:677  INFO 62280 --- [main] com.hmall.item.ItemApplication           : Starting ItemApplication using Java 11.0.25 on lemurArch with PID 62280 (/home/lemur/work/java/project/hmall/item-service/target/classes started by lemur in /home/lemur/work/java/project/hmall)
17:31:20:678 DEBUG 62280 --- [main] com.hmall.item.ItemApplication           : Running with Spring Boot v2.7.12, Spring v5.3.27
17:31:20:678  INFO 62280 --- [main] com.hmall.item.ItemApplication           : The following 1 profile is active: "local"
17:31:21:130  INFO 62280 --- [main] o.s.cloud.context.scope.GenericScope     : BeanFactory id=34af7032-8c77-341e-ba46-07b62f1fe288
17:31:21:272  INFO 62280 --- [main] o.s.b.w.embedded.tomcat.TomcatWebServer  : Tomcat initialized with port(s): 8083 (http)
17:31:21:276  INFO 62280 --- [main] o.apache.catalina.core.StandardService   : Starting service [Tomcat]
17:31:21:276  INFO 62280 --- [main] org.apache.catalina.core.StandardEngine  : Starting Servlet engine: [Apache Tomcat/9.0.75]
17:31:21:317  INFO 62280 --- [main] o.a.c.c.C.[Tomcat].[localhost].[/]       : Initializing Spring embedded WebApplicationContext
17:31:21:317  INFO 62280 --- [main] w.s.c.ServletWebServerApplicationContext : Root WebApplicationContext: initialization completed in 615 ms
17:31:21:723  INFO 62280 --- [main] pertySourcedRequestMappingHandlerMapping : Mapped URL path [/v2/api-docs] onto method [springfox.documentation.swagger2.web.Swagger2ControllerWebMvc#getDocumentation(String, HttpServletRequest)]
17:31:21:811  INFO 62280 --- [main] com.alibaba.nacos.common.remote.client   : [RpcClientFactory] create a new rpc client of 49edd810-20c7-46a0-b979-7cd79e8e60fa
17:31:21:833  INFO 62280 --- [main] org.reflections.Reflections              : Reflections took 12 ms to scan 1 urls, producing 3 keys and 6 values 
17:31:21:846  INFO 62280 --- [main] org.reflections.Reflections              : Reflections took 7 ms to scan 1 urls, producing 4 keys and 9 values 
17:31:21:853  INFO 62280 --- [main] org.reflections.Reflections              : Reflections took 5 ms to scan 1 urls, producing 3 keys and 10 values 
17:31:21:855  WARN 62280 --- [main] org.reflections.Reflections              : given scan urls are empty. set urls in the configuration
17:31:21:861  INFO 62280 --- [main] org.reflections.Reflections              : Reflections took 6 ms to scan 1 urls, producing 1 keys and 5 values 
17:31:21:867  INFO 62280 --- [main] org.reflections.Reflections              : Reflections took 5 ms to scan 1 urls, producing 1 keys and 7 values 
17:31:21:874  INFO 62280 --- [main] org.reflections.Reflections              : Reflections took 5 ms to scan 1 urls, producing 2 keys and 8 values 
17:31:21:875  WARN 62280 --- [main] org.reflections.Reflections              : given scan urls are empty. set urls in the configuration
17:31:21:876  INFO 62280 --- [main] com.alibaba.nacos.common.remote.client   : [49edd810-20c7-46a0-b979-7cd79e8e60fa] RpcClient init label, labels = {module=naming, source=sdk}
17:31:21:877  INFO 62280 --- [main] com.alibaba.nacos.common.remote.client   : [49edd810-20c7-46a0-b979-7cd79e8e60fa] RpcClient init, ServerListFactory = com.alibaba.nacos.client.naming.core.ServerListManager
17:31:21:877  INFO 62280 --- [main] com.alibaba.nacos.common.remote.client   : [49edd810-20c7-46a0-b979-7cd79e8e60fa] Registry connection listener to current client:com.alibaba.nacos.client.naming.remote.gprc.redo.NamingGrpcRedoService
17:31:21:877  INFO 62280 --- [main] com.alibaba.nacos.common.remote.client   : [49edd810-20c7-46a0-b979-7cd79e8e60fa] Register server push request handler:com.alibaba.nacos.client.naming.remote.gprc.NamingPushRequestHandler
17:31:21:878  INFO 62280 --- [main] com.alibaba.nacos.common.remote.client   : [49edd810-20c7-46a0-b979-7cd79e8e60fa] Try to connect to server on start up, server: {serverIp = 'localhost', server main port = 8848}
17:31:22:261  INFO 62280 --- [main] com.alibaba.nacos.common.remote.client   : [49edd810-20c7-46a0-b979-7cd79e8e60fa] Success to connect to server [localhost:8848] on start up, connectionId = 1736069482085_172.18.0.1_45032
17:31:22:263  INFO 62280 --- [com.alibaba.nacos.client.remote.worker] com.alibaba.nacos.common.remote.client   : [49edd810-20c7-46a0-b979-7cd79e8e60fa] Notify connected event to listeners.
17:31:22:265  INFO 62280 --- [main] com.alibaba.nacos.common.remote.client   : [49edd810-20c7-46a0-b979-7cd79e8e60fa] Register server push request handler:com.alibaba.nacos.common.remote.client.RpcClient$ConnectResetRequestHandler
17:31:22:268  INFO 62280 --- [main] com.alibaba.nacos.common.remote.client   : [49edd810-20c7-46a0-b979-7cd79e8e60fa] Register server push request handler:com.alibaba.nacos.common.remote.client.RpcClient$$Lambda$905/0x0000000800673040
17:31:22:320  INFO 62280 --- [main] o.s.b.w.embedded.tomcat.TomcatWebServer  : Tomcat started on port(s): 8083 (http) with context path ''
17:31:22:326  INFO 62280 --- [main] c.a.c.n.registry.NacosServiceRegistry    : nacos registry, DEFAULT_GROUP item-service 192.168.101.166:8083 register finished
17:31:22:327  INFO 62280 --- [main] d.s.w.p.DocumentationPluginsBootstrapper : Documentation plugins bootstrapped
17:31:22:328  INFO 62280 --- [main] d.s.w.p.DocumentationPluginsBootstrapper : Found 1 custom documentation plugin(s)
17:31:22:342  INFO 62280 --- [main] s.d.s.w.s.ApiListingReferenceScanner     : Scanning for api listing references
17:31:22:407  INFO 62280 --- [main] com.hmall.item.ItemApplication           : Started ItemApplication in 1.986 seconds (JVM running for 3.58)
17:31:22:830  INFO 61708 --- [nacos-grpc-client-executor-23] com.alibaba.nacos.common.remote.client   : [e712e207-3bfc-470f-a398-b2e4e69934dc] Receive server push request, request = NotifySubscriberRequest, requestId = 23
17:31:22:831  INFO 61708 --- [nacos-grpc-client-executor-23] com.alibaba.nacos.common.remote.client   : [e712e207-3bfc-470f-a398-b2e4e69934dc] Ack server push request, request = NotifySubscriberRequest, requestId = 23
17:31:22:840  INFO 62280 --- [nacos-grpc-client-executor-10] com.alibaba.nacos.common.remote.client   : [49edd810-20c7-46a0-b979-7cd79e8e60fa] Receive server push request, request = NotifySubscriberRequest, requestId = 22
17:31:22:840  INFO 62280 --- [nacos-grpc-client-executor-10] com.alibaba.nacos.common.remote.client   : [49edd810-20c7-46a0-b979-7cd79e8e60fa] Ack server push request, request = NotifySubscriberRequest, requestId = 22
17:31:31:328 DEBUG 61708 --- [http-nio-8081-exec-2] c.h.i.mapper.ItemMapper.selectBatchIds   : ==>  Preparing: SELECT id,name,price,stock,image,category,brand,spec,sold,comment_count,isAD,status,create_time,update_time,creater,updater FROM item WHERE id IN ( ? )
17:31:31:328 DEBUG 61708 --- [http-nio-8081-exec-2] c.h.i.mapper.ItemMapper.selectBatchIds   : ==> Parameters: 100000006163(Long)
17:31:31:329 DEBUG 61708 --- [http-nio-8081-exec-2] c.h.i.mapper.ItemMapper.selectBatchIds   : <==      Total: 1
17:31:32:255 DEBUG 61708 --- [http-nio-8081-exec-3] c.h.i.mapper.ItemMapper.selectBatchIds   : ==>  Preparing: SELECT id,name,price,stock,image,category,brand,spec,sold,comment_count,isAD,status,create_time,update_time,creater,updater FROM item WHERE id IN ( ? )
17:31:32:255 DEBUG 61708 --- [http-nio-8081-exec-3] c.h.i.mapper.ItemMapper.selectBatchIds   : ==> Parameters: 100000006163(Long)
17:31:32:257 DEBUG 61708 --- [http-nio-8081-exec-3] c.h.i.mapper.ItemMapper.selectBatchIds   : <==      Total: 1
17:31:38:827 DEBUG 61708 --- [http-nio-8081-exec-4] c.h.i.mapper.ItemMapper.selectBatchIds   : ==>  Preparing: SELECT id,name,price,stock,image,category,brand,spec,sold,comment_count,isAD,status,create_time,update_time,creater,updater FROM item WHERE id IN ( ? )
17:31:38:828 DEBUG 61708 --- [http-nio-8081-exec-4] c.h.i.mapper.ItemMapper.selectBatchIds   : ==> Parameters: 100000006163(Long)
17:31:38:832 DEBUG 61708 --- [http-nio-8081-exec-4] c.h.i.mapper.ItemMapper.selectBatchIds   : <==      Total: 1
17:31:42:393 DEBUG 61708 --- [http-nio-8081-exec-5] c.h.i.mapper.ItemMapper.selectBatchIds   : ==>  Preparing: SELECT id,name,price,stock,image,category,brand,spec,sold,comment_count,isAD,status,create_time,update_time,creater,updater FROM item WHERE id IN ( ? )
17:31:42:393 DEBUG 61708 --- [http-nio-8081-exec-5] c.h.i.mapper.ItemMapper.selectBatchIds   : ==> Parameters: 100000006163(Long)
17:31:42:395 DEBUG 61708 --- [http-nio-8081-exec-5] c.h.i.mapper.ItemMapper.selectBatchIds   : <==      Total: 1
17:31:45:906  INFO 62280 --- [http-nio-8083-exec-1] o.a.c.c.C.[Tomcat].[localhost].[/]       : Initializing Spring DispatcherServlet 'dispatcherServlet'
17:31:45:906  INFO 62280 --- [http-nio-8083-exec-1] o.s.web.servlet.DispatcherServlet        : Initializing Servlet 'dispatcherServlet'
17:31:45:906  INFO 62280 --- [http-nio-8083-exec-1] o.s.web.servlet.DispatcherServlet        : Completed initialization in 0 ms
17:31:45:937  INFO 62280 --- [http-nio-8083-exec-1] com.zaxxer.hikari.HikariDataSource       : HikariPool-1 - Starting...
17:31:46:070  INFO 62280 --- [http-nio-8083-exec-1] com.zaxxer.hikari.HikariDataSource       : HikariPool-1 - Start completed.
17:31:46:074 DEBUG 62280 --- [http-nio-8083-exec-1] c.h.i.mapper.ItemMapper.selectBatchIds   : ==>  Preparing: SELECT id,name,price,stock,image,category,brand,spec,sold,comment_count,isAD,status,create_time,update_time,creater,updater FROM item WHERE id IN ( ? )
17:31:46:084 DEBUG 62280 --- [http-nio-8083-exec-1] c.h.i.mapper.ItemMapper.selectBatchIds   : ==> Parameters: 100000006163(Long)
17:31:46:094 DEBUG 62280 --- [http-nio-8083-exec-1] c.h.i.mapper.ItemMapper.selectBatchIds   : <==      Total: 1
17:48:03:027 DEBUG 61708 --- [http-nio-8081-exec-7] c.h.i.mapper.ItemMapper.selectBatchIds   : ==>  Preparing: SELECT id,name,price,stock,image,category,brand,spec,sold,comment_count,isAD,status,create_time,update_time,creater,updater FROM item WHERE id IN ( ? )
17:48:03:028 DEBUG 61708 --- [http-nio-8081-exec-7] c.h.i.mapper.ItemMapper.selectBatchIds   : ==> Parameters: 100000006163(Long)
17:48:03:029 DEBUG 61708 --- [http-nio-8081-exec-7] c.h.i.mapper.ItemMapper.selectBatchIds   : <==      Total: 1
17:55:04:173  WARN 61708 --- [Thread-7] c.a.n.common.http.HttpClientBeanHolder   : [HttpClientBeanHolder] Start destroying common HttpClient
17:55:04:174  WARN 61708 --- [Thread-4] c.a.nacos.common.notify.NotifyCenter     : [NotifyCenter] Start destroying Publisher
17:55:04:174  WARN 61708 --- [Thread-7] c.a.n.common.http.HttpClientBeanHolder   : [HttpClientBeanHolder] Destruction of the end
17:55:04:174  WARN 61708 --- [Thread-4] c.a.nacos.common.notify.NotifyCenter     : [NotifyCenter] Destruction of the end
17:55:04:175  WARN 62280 --- [Thread-7] c.a.n.common.http.HttpClientBeanHolder   : [HttpClientBeanHolder] Start destroying common HttpClient
17:55:04:176  WARN 62280 --- [Thread-7] c.a.n.common.http.HttpClientBeanHolder   : [HttpClientBeanHolder] Destruction of the end
17:55:04:176  WARN 62280 --- [Thread-4] c.a.nacos.common.notify.NotifyCenter     : [NotifyCenter] Start destroying Publisher
17:55:04:176  WARN 62280 --- [Thread-4] c.a.nacos.common.notify.NotifyCenter     : [NotifyCenter] Destruction of the end
17:55:04:198  INFO 62280 --- [SpringApplicationShutdownHook] c.a.c.n.registry.NacosServiceRegistry    : De-registering from Nacos Server now...
17:55:04:200  INFO 61708 --- [SpringApplicationShutdownHook] c.a.c.n.registry.NacosServiceRegistry    : De-registering from Nacos Server now...
17:55:04:200  INFO 62280 --- [SpringApplicationShutdownHook] c.a.c.n.registry.NacosServiceRegistry    : De-registration finished.
17:55:04:202  INFO 61708 --- [SpringApplicationShutdownHook] c.a.c.n.registry.NacosServiceRegistry    : De-registration finished.
17:55:04:507  INFO 62280 --- [SpringApplicationShutdownHook] com.alibaba.nacos.common.remote.client   : Shutdown rpc client, set status to shutdown
17:55:04:508  INFO 62280 --- [SpringApplicationShutdownHook] com.alibaba.nacos.common.remote.client   : Shutdown client event executor java.util.concurrent.ScheduledThreadPoolExecutor@23e1f271[Running, pool size = 2, active threads = 2, queued tasks = 0, completed tasks = 0]
17:55:04:508  INFO 62280 --- [SpringApplicationShutdownHook] com.alibaba.nacos.common.remote.client   : Close current connection 1736069482085_172.18.0.1_45032
17:55:04:510  INFO 61708 --- [SpringApplicationShutdownHook] com.alibaba.nacos.common.remote.client   : Shutdown rpc client, set status to shutdown
17:55:04:510  INFO 61708 --- [SpringApplicationShutdownHook] com.alibaba.nacos.common.remote.client   : Shutdown client event executor java.util.concurrent.ScheduledThreadPoolExecutor@25a25f61[Running, pool size = 2, active threads = 2, queued tasks = 0, completed tasks = 0]
17:55:04:510  INFO 61708 --- [SpringApplicationShutdownHook] com.alibaba.nacos.common.remote.client   : Close current connection 1736069457035_172.18.0.1_32922
17:55:04:511  INFO 62280 --- [nacos-grpc-client-executor-398] c.a.n.c.remote.client.grpc.GrpcClient    : [1736069482085_172.18.0.1_45032]Ignore complete event,isRunning:false,isAbandon=false
17:55:04:513  INFO 62280 --- [SpringApplicationShutdownHook] c.a.n.c.remote.client.grpc.GrpcClient    : Shutdown grpc executor java.util.concurrent.ThreadPoolExecutor@145a9e7d[Running, pool size = 5, active threads = 0, queued tasks = 0, completed tasks = 399]
17:55:04:515  INFO 61708 --- [nacos-grpc-client-executor-412] c.a.n.c.remote.client.grpc.GrpcClient    : [1736069457035_172.18.0.1_32922]Ignore complete event,isRunning:false,isAbandon=false
17:55:04:522  INFO 61708 --- [SpringApplicationShutdownHook] c.a.n.c.remote.client.grpc.GrpcClient    : Shutdown grpc executor java.util.concurrent.ThreadPoolExecutor@66a941c0[Running, pool size = 7, active threads = 0, queued tasks = 0, completed tasks = 413]
17:55:04:532  INFO 62280 --- [SpringApplicationShutdownHook] com.zaxxer.hikari.HikariDataSource       : HikariPool-1 - Shutdown initiated...
17:55:04:541  INFO 61708 --- [SpringApplicationShutdownHook] com.zaxxer.hikari.HikariDataSource       : HikariPool-1 - Shutdown initiated...
17:55:04:568  INFO 62280 --- [SpringApplicationShutdownHook] com.zaxxer.hikari.HikariDataSource       : HikariPool-1 - Shutdown completed.
17:55:04:577  INFO 61708 --- [SpringApplicationShutdownHook] com.zaxxer.hikari.HikariDataSource       : HikariPool-1 - Shutdown completed.
18:01:41:733  INFO 79045 --- [main] com.hmall.item.ItemApplication           : Starting ItemApplication using Java 11.0.25 on lemurArch with PID 79045 (/home/lemur/work/java/project/hmall/item-service/target/classes started by lemur in /home/lemur/work/java/project/hmall)
18:01:41:734 DEBUG 79045 --- [main] com.hmall.item.ItemApplication           : Running with Spring Boot v2.7.12, Spring v5.3.27
18:01:41:735  INFO 79045 --- [main] com.hmall.item.ItemApplication           : The following 1 profile is active: "local"
18:01:42:183  INFO 79045 --- [main] o.s.cloud.context.scope.GenericScope     : BeanFactory id=34af7032-8c77-341e-ba46-07b62f1fe288
18:01:42:329  INFO 79045 --- [main] o.s.b.w.embedded.tomcat.TomcatWebServer  : Tomcat initialized with port(s): 8081 (http)
18:01:42:333  INFO 79045 --- [main] o.apache.catalina.core.StandardService   : Starting service [Tomcat]
18:01:42:333  INFO 79045 --- [main] org.apache.catalina.core.StandardEngine  : Starting Servlet engine: [Apache Tomcat/9.0.75]
18:01:42:376  INFO 79045 --- [main] o.a.c.c.C.[Tomcat].[localhost].[/]       : Initializing Spring embedded WebApplicationContext
18:01:42:376  INFO 79045 --- [main] w.s.c.ServletWebServerApplicationContext : Root WebApplicationContext: initialization completed in 622 ms
18:01:42:796  INFO 79045 --- [main] pertySourcedRequestMappingHandlerMapping : Mapped URL path [/v2/api-docs] onto method [springfox.documentation.swagger2.web.Swagger2ControllerWebMvc#getDocumentation(String, HttpServletRequest)]
18:01:42:885  INFO 79045 --- [main] com.alibaba.nacos.common.remote.client   : [RpcClientFactory] create a new rpc client of 4cbe3a52-c2be-4e30-8fc5-06a4761c4327
18:01:42:906  INFO 79045 --- [main] org.reflections.Reflections              : Reflections took 12 ms to scan 1 urls, producing 3 keys and 6 values 
18:01:42:919  INFO 79045 --- [main] org.reflections.Reflections              : Reflections took 6 ms to scan 1 urls, producing 4 keys and 9 values 
18:01:42:927  INFO 79045 --- [main] org.reflections.Reflections              : Reflections took 6 ms to scan 1 urls, producing 3 keys and 10 values 
18:01:42:929  WARN 79045 --- [main] org.reflections.Reflections              : given scan urls are empty. set urls in the configuration
18:01:42:935  INFO 79045 --- [main] org.reflections.Reflections              : Reflections took 6 ms to scan 1 urls, producing 1 keys and 5 values 
18:01:42:942  INFO 79045 --- [main] org.reflections.Reflections              : Reflections took 6 ms to scan 1 urls, producing 1 keys and 7 values 
18:01:42:960  INFO 79045 --- [main] org.reflections.Reflections              : Reflections took 17 ms to scan 1 urls, producing 2 keys and 8 values 
18:01:42:962  WARN 79045 --- [main] org.reflections.Reflections              : given scan urls are empty. set urls in the configuration
18:01:42:962  INFO 79045 --- [main] com.alibaba.nacos.common.remote.client   : [4cbe3a52-c2be-4e30-8fc5-06a4761c4327] RpcClient init label, labels = {module=naming, source=sdk}
18:01:42:963  INFO 79045 --- [main] com.alibaba.nacos.common.remote.client   : [4cbe3a52-c2be-4e30-8fc5-06a4761c4327] RpcClient init, ServerListFactory = com.alibaba.nacos.client.naming.core.ServerListManager
18:01:42:964  INFO 79045 --- [main] com.alibaba.nacos.common.remote.client   : [4cbe3a52-c2be-4e30-8fc5-06a4761c4327] Registry connection listener to current client:com.alibaba.nacos.client.naming.remote.gprc.redo.NamingGrpcRedoService
18:01:42:964  INFO 79045 --- [main] com.alibaba.nacos.common.remote.client   : [4cbe3a52-c2be-4e30-8fc5-06a4761c4327] Register server push request handler:com.alibaba.nacos.client.naming.remote.gprc.NamingPushRequestHandler
18:01:42:965  INFO 79045 --- [main] com.alibaba.nacos.common.remote.client   : [4cbe3a52-c2be-4e30-8fc5-06a4761c4327] Try to connect to server on start up, server: {serverIp = 'localhost', server main port = 8848}
18:01:43:323  INFO 79045 --- [main] com.alibaba.nacos.common.remote.client   : [4cbe3a52-c2be-4e30-8fc5-06a4761c4327] Success to connect to server [localhost:8848] on start up, connectionId = 1736071303162_172.18.0.1_51750
18:01:43:326  INFO 79045 --- [com.alibaba.nacos.client.remote.worker] com.alibaba.nacos.common.remote.client   : [4cbe3a52-c2be-4e30-8fc5-06a4761c4327] Notify connected event to listeners.
18:01:43:327  INFO 79045 --- [main] com.alibaba.nacos.common.remote.client   : [4cbe3a52-c2be-4e30-8fc5-06a4761c4327] Register server push request handler:com.alibaba.nacos.common.remote.client.RpcClient$ConnectResetRequestHandler
18:01:43:330  INFO 79045 --- [main] com.alibaba.nacos.common.remote.client   : [4cbe3a52-c2be-4e30-8fc5-06a4761c4327] Register server push request handler:com.alibaba.nacos.common.remote.client.RpcClient$$Lambda$905/0x0000000800673040
18:01:43:370  INFO 79045 --- [main] o.s.b.w.embedded.tomcat.TomcatWebServer  : Tomcat started on port(s): 8081 (http) with context path ''
18:01:43:377  INFO 79045 --- [main] c.a.c.n.registry.NacosServiceRegistry    : nacos registry, DEFAULT_GROUP item-service 192.168.101.166:8081 register finished
18:01:43:378  INFO 79045 --- [main] d.s.w.p.DocumentationPluginsBootstrapper : Documentation plugins bootstrapped
18:01:43:380  INFO 79045 --- [main] d.s.w.p.DocumentationPluginsBootstrapper : Found 1 custom documentation plugin(s)
18:01:43:394  INFO 79045 --- [main] s.d.s.w.s.ApiListingReferenceScanner     : Scanning for api listing references
18:01:43:464  INFO 79045 --- [main] com.hmall.item.ItemApplication           : Started ItemApplication in 1.974 seconds (JVM running for 3.648)
18:01:43:891  INFO 79045 --- [nacos-grpc-client-executor-11] com.alibaba.nacos.common.remote.client   : [4cbe3a52-c2be-4e30-8fc5-06a4761c4327] Receive server push request, request = NotifySubscriberRequest, requestId = 39
18:01:43:893  INFO 79045 --- [nacos-grpc-client-executor-11] com.alibaba.nacos.common.remote.client   : [4cbe3a52-c2be-4e30-8fc5-06a4761c4327] Ack server push request, request = NotifySubscriberRequest, requestId = 39
18:01:50:830  INFO 79045 --- [http-nio-8081-exec-1] o.a.c.c.C.[Tomcat].[localhost].[/]       : Initializing Spring DispatcherServlet 'dispatcherServlet'
18:01:50:831  INFO 79045 --- [http-nio-8081-exec-1] o.s.web.servlet.DispatcherServlet        : Initializing Servlet 'dispatcherServlet'
18:01:50:831  INFO 79045 --- [http-nio-8081-exec-1] o.s.web.servlet.DispatcherServlet        : Completed initialization in 0 ms
18:01:50:867  INFO 79045 --- [http-nio-8081-exec-1] com.zaxxer.hikari.HikariDataSource       : HikariPool-1 - Starting...
18:01:51:000  INFO 79045 --- [http-nio-8081-exec-1] com.zaxxer.hikari.HikariDataSource       : HikariPool-1 - Start completed.
18:01:51:004 DEBUG 79045 --- [http-nio-8081-exec-1] c.h.i.mapper.ItemMapper.selectBatchIds   : ==>  Preparing: SELECT id,name,price,stock,image,category,brand,spec,sold,comment_count,isAD,status,create_time,update_time,creater,updater FROM item WHERE id IN ( ? )
18:01:51:014 DEBUG 79045 --- [http-nio-8081-exec-1] c.h.i.mapper.ItemMapper.selectBatchIds   : ==> Parameters: 100000006163(Long)
18:01:51:025 DEBUG 79045 --- [http-nio-8081-exec-1] c.h.i.mapper.ItemMapper.selectBatchIds   : <==      Total: 1
18:09:52:003 DEBUG 79045 --- [http-nio-8081-exec-3] c.h.i.mapper.ItemMapper.selectBatchIds   : ==>  Preparing: SELECT id,name,price,stock,image,category,brand,spec,sold,comment_count,isAD,status,create_time,update_time,creater,updater FROM item WHERE id IN ( ? )
18:09:52:003 DEBUG 79045 --- [http-nio-8081-exec-3] c.h.i.mapper.ItemMapper.selectBatchIds   : ==> Parameters: 100000006163(Long)
18:09:52:004 DEBUG 79045 --- [http-nio-8081-exec-3] c.h.i.mapper.ItemMapper.selectBatchIds   : <==      Total: 1
18:29:04:006  WARN 79045 --- [Thread-7] c.a.n.common.http.HttpClientBeanHolder   : [HttpClientBeanHolder] Start destroying common HttpClient
18:29:04:006  WARN 79045 --- [Thread-4] c.a.nacos.common.notify.NotifyCenter     : [NotifyCenter] Start destroying Publisher
18:29:04:007  WARN 79045 --- [Thread-4] c.a.nacos.common.notify.NotifyCenter     : [NotifyCenter] Destruction of the end
18:29:04:007  WARN 79045 --- [Thread-7] c.a.n.common.http.HttpClientBeanHolder   : [HttpClientBeanHolder] Destruction of the end
18:29:04:039  INFO 79045 --- [SpringApplicationShutdownHook] c.a.c.n.registry.NacosServiceRegistry    : De-registering from Nacos Server now...
18:29:04:042  INFO 79045 --- [SpringApplicationShutdownHook] c.a.c.n.registry.NacosServiceRegistry    : De-registration finished.
18:29:04:349  INFO 79045 --- [SpringApplicationShutdownHook] com.alibaba.nacos.common.remote.client   : Shutdown rpc client, set status to shutdown
18:29:04:349  INFO 79045 --- [SpringApplicationShutdownHook] com.alibaba.nacos.common.remote.client   : Shutdown client event executor java.util.concurrent.ScheduledThreadPoolExecutor@68ef6f0b[Running, pool size = 2, active threads = 2, queued tasks = 0, completed tasks = 0]
18:29:04:349  INFO 79045 --- [SpringApplicationShutdownHook] com.alibaba.nacos.common.remote.client   : Close current connection 1736071303162_172.18.0.1_51750
18:29:04:353  INFO 79045 --- [nacos-grpc-client-executor-439] c.a.n.c.remote.client.grpc.GrpcClient    : [1736071303162_172.18.0.1_51750]Ignore complete event,isRunning:false,isAbandon=false
18:29:04:359  INFO 79045 --- [SpringApplicationShutdownHook] c.a.n.c.remote.client.grpc.GrpcClient    : Shutdown grpc executor java.util.concurrent.ThreadPoolExecutor@50a383a0[Running, pool size = 5, active threads = 0, queued tasks = 0, completed tasks = 440]
18:29:04:374  INFO 79045 --- [SpringApplicationShutdownHook] com.zaxxer.hikari.HikariDataSource       : HikariPool-1 - Shutdown initiated...
18:29:04:405  INFO 79045 --- [SpringApplicationShutdownHook] com.zaxxer.hikari.HikariDataSource       : HikariPool-1 - Shutdown completed.
