18:27:01:501  INFO 92827 --- [main] com.hmall.user.UserApplication           : Starting UserApplication using Java 11.0.25 on lemurArch with PID 92827 (/home/lemur/work/java/project/hmall/user-service/target/classes started by lemur in /home/lemur/work/java/project/hmall)
18:27:01:503 DEBUG 92827 --- [main] com.hmall.user.UserApplication           : Running with Spring Boot v2.7.12, Spring v5.3.27
18:27:01:503  INFO 92827 --- [main] com.hmall.user.UserApplication           : The following 1 profile is active: "local"
18:27:01:988  INFO 92827 --- [main] o.s.cloud.context.scope.GenericScope     : BeanFactory id=efbed010-770e-3358-a9e8-efd4859d54c2
18:27:02:143  INFO 92827 --- [main] o.s.b.w.embedded.tomcat.TomcatWebServer  : Tomcat initialized with port(s): 8084 (http)
18:27:02:147  INFO 92827 --- [main] o.apache.catalina.core.StandardService   : Starting service [Tomcat]
18:27:02:148  INFO 92827 --- [main] org.apache.catalina.core.StandardEngine  : Starting Servlet engine: [Apache Tomcat/9.0.75]
18:27:02:200  INFO 92827 --- [main] o.a.c.c.C.[Tomcat].[localhost].[/]       : Initializing Spring embedded WebApplicationContext
18:27:02:201  INFO 92827 --- [main] w.s.c.ServletWebServerApplicationContext : Root WebApplicationContext: initialization completed in 675 ms
18:27:02:805  INFO 92827 --- [main] pertySourcedRequestMappingHandlerMapping : Mapped URL path [/v2/api-docs] onto method [springfox.documentation.swagger2.web.Swagger2ControllerWebMvc#getDocumentation(String, HttpServletRequest)]
18:27:02:969  INFO 92827 --- [main] com.alibaba.nacos.common.remote.client   : [RpcClientFactory] create a new rpc client of 1fd93ec4-82ad-43b4-9313-888faa8e790d
18:27:02:987  INFO 92827 --- [main] org.reflections.Reflections              : Reflections took 11 ms to scan 1 urls, producing 3 keys and 6 values 
18:27:02:998  INFO 92827 --- [main] org.reflections.Reflections              : Reflections took 5 ms to scan 1 urls, producing 4 keys and 9 values 
18:27:03:004  INFO 92827 --- [main] org.reflections.Reflections              : Reflections took 5 ms to scan 1 urls, producing 3 keys and 10 values 
18:27:03:005  WARN 92827 --- [main] org.reflections.Reflections              : given scan urls are empty. set urls in the configuration
18:27:03:010  INFO 92827 --- [main] org.reflections.Reflections              : Reflections took 4 ms to scan 1 urls, producing 1 keys and 5 values 
18:27:03:016  INFO 92827 --- [main] org.reflections.Reflections              : Reflections took 5 ms to scan 1 urls, producing 1 keys and 7 values 
18:27:03:021  INFO 92827 --- [main] org.reflections.Reflections              : Reflections took 4 ms to scan 1 urls, producing 2 keys and 8 values 
18:27:03:022  WARN 92827 --- [main] org.reflections.Reflections              : given scan urls are empty. set urls in the configuration
18:27:03:023  INFO 92827 --- [main] com.alibaba.nacos.common.remote.client   : [1fd93ec4-82ad-43b4-9313-888faa8e790d] RpcClient init label, labels = {module=naming, source=sdk}
18:27:03:024  INFO 92827 --- [main] com.alibaba.nacos.common.remote.client   : [1fd93ec4-82ad-43b4-9313-888faa8e790d] RpcClient init, ServerListFactory = com.alibaba.nacos.client.naming.core.ServerListManager
18:27:03:024  INFO 92827 --- [main] com.alibaba.nacos.common.remote.client   : [1fd93ec4-82ad-43b4-9313-888faa8e790d] Registry connection listener to current client:com.alibaba.nacos.client.naming.remote.gprc.redo.NamingGrpcRedoService
18:27:03:024  INFO 92827 --- [main] com.alibaba.nacos.common.remote.client   : [1fd93ec4-82ad-43b4-9313-888faa8e790d] Register server push request handler:com.alibaba.nacos.client.naming.remote.gprc.NamingPushRequestHandler
18:27:03:025  INFO 92827 --- [main] com.alibaba.nacos.common.remote.client   : [1fd93ec4-82ad-43b4-9313-888faa8e790d] Try to connect to server on start up, server: {serverIp = 'localhost', server main port = 8848}
18:27:03:348  INFO 92827 --- [main] com.alibaba.nacos.common.remote.client   : [1fd93ec4-82ad-43b4-9313-888faa8e790d] Success to connect to server [localhost:8848] on start up, connectionId = 1736072823206_172.18.0.1_50298
18:27:03:348  INFO 92827 --- [com.alibaba.nacos.client.remote.worker] com.alibaba.nacos.common.remote.client   : [1fd93ec4-82ad-43b4-9313-888faa8e790d] Notify connected event to listeners.
18:27:03:349  INFO 92827 --- [main] com.alibaba.nacos.common.remote.client   : [1fd93ec4-82ad-43b4-9313-888faa8e790d] Register server push request handler:com.alibaba.nacos.common.remote.client.RpcClient$ConnectResetRequestHandler
18:27:03:350  INFO 92827 --- [main] com.alibaba.nacos.common.remote.client   : [1fd93ec4-82ad-43b4-9313-888faa8e790d] Register server push request handler:com.alibaba.nacos.common.remote.client.RpcClient$$Lambda$970/0x000000080076dc40
18:27:03:377  INFO 92827 --- [main] o.s.b.w.embedded.tomcat.TomcatWebServer  : Tomcat started on port(s): 8084 (http) with context path ''
18:27:03:383  INFO 92827 --- [main] c.a.c.n.registry.NacosServiceRegistry    : nacos registry, DEFAULT_GROUP user-service 192.168.101.166:8084 register finished
18:27:03:383  INFO 92827 --- [main] d.s.w.p.DocumentationPluginsBootstrapper : Documentation plugins bootstrapped
18:27:03:385  INFO 92827 --- [main] d.s.w.p.DocumentationPluginsBootstrapper : Found 1 custom documentation plugin(s)
18:27:03:395  INFO 92827 --- [main] s.d.s.w.s.ApiListingReferenceScanner     : Scanning for api listing references
18:27:03:442  INFO 92827 --- [main] com.hmall.user.UserApplication           : Started UserApplication in 2.219 seconds (JVM running for 2.623)
18:27:03:914  INFO 92827 --- [nacos-grpc-client-executor-11] com.alibaba.nacos.common.remote.client   : [1fd93ec4-82ad-43b4-9313-888faa8e790d] Receive server push request, request = NotifySubscriberRequest, requestId = 44
18:27:03:916  INFO 92827 --- [nacos-grpc-client-executor-11] com.alibaba.nacos.common.remote.client   : [1fd93ec4-82ad-43b4-9313-888faa8e790d] Ack server push request, request = NotifySubscriberRequest, requestId = 44
18:27:09:789  INFO 92827 --- [http-nio-8084-exec-1] o.apache.tomcat.util.http.parser.Cookie  : A cookie header was received [Hm_lvt_a1ff8825baa73c3a78eb96aa40325abc=1728276138,1728286700,1728388297,1729997375] that contained an invalid cookie. That cookie will be ignored.
 Note: further occurrences of this error will be logged at DEBUG level.
18:27:09:793  INFO 92827 --- [http-nio-8084-exec-1] o.a.c.c.C.[Tomcat].[localhost].[/]       : Initializing Spring DispatcherServlet 'dispatcherServlet'
18:27:09:793  INFO 92827 --- [http-nio-8084-exec-1] o.s.web.servlet.DispatcherServlet        : Initializing Servlet 'dispatcherServlet'
18:27:09:794  INFO 92827 --- [http-nio-8084-exec-1] o.s.web.servlet.DispatcherServlet        : Completed initialization in 1 ms
18:27:23:128  INFO 92827 --- [http-nio-8084-exec-5] com.zaxxer.hikari.HikariDataSource       : HikariPool-1 - Starting...
18:27:23:233  INFO 92827 --- [http-nio-8084-exec-5] com.zaxxer.hikari.HikariDataSource       : HikariPool-1 - Start completed.
18:27:23:237 DEBUG 92827 --- [http-nio-8084-exec-5] c.h.user.mapper.UserMapper.selectOne     : ==>  Preparing: SELECT id,username,password,phone,create_time,update_time,status,balance FROM user WHERE (username = ?)
18:27:23:246 DEBUG 92827 --- [http-nio-8084-exec-5] c.h.user.mapper.UserMapper.selectOne     : ==> Parameters: jack(String)
18:27:23:258 DEBUG 92827 --- [http-nio-8084-exec-5] c.h.user.mapper.UserMapper.selectOne     : <==      Total: 1
18:28:51:086  WARN 92827 --- [Thread-4] c.a.nacos.common.notify.NotifyCenter     : [NotifyCenter] Start destroying Publisher
18:28:51:087  WARN 92827 --- [Thread-4] c.a.nacos.common.notify.NotifyCenter     : [NotifyCenter] Destruction of the end
18:28:51:087  WARN 92827 --- [Thread-7] c.a.n.common.http.HttpClientBeanHolder   : [HttpClientBeanHolder] Start destroying common HttpClient
18:28:51:088  WARN 92827 --- [Thread-7] c.a.n.common.http.HttpClientBeanHolder   : [HttpClientBeanHolder] Destruction of the end
18:28:51:112  INFO 92827 --- [SpringApplicationShutdownHook] c.a.c.n.registry.NacosServiceRegistry    : De-registering from Nacos Server now...
18:28:51:114  INFO 92827 --- [SpringApplicationShutdownHook] c.a.c.n.registry.NacosServiceRegistry    : De-registration finished.
18:28:51:415  INFO 92827 --- [SpringApplicationShutdownHook] com.alibaba.nacos.common.remote.client   : Shutdown rpc client, set status to shutdown
18:28:51:416  INFO 92827 --- [SpringApplicationShutdownHook] com.alibaba.nacos.common.remote.client   : Shutdown client event executor java.util.concurrent.ScheduledThreadPoolExecutor@4449afc8[Running, pool size = 2, active threads = 2, queued tasks = 0, completed tasks = 0]
18:28:51:416  INFO 92827 --- [SpringApplicationShutdownHook] com.alibaba.nacos.common.remote.client   : Close current connection 1736072823206_172.18.0.1_50298
18:28:51:417  INFO 92827 --- [nacos-grpc-client-executor-54] c.a.n.c.remote.client.grpc.GrpcClient    : [1736072823206_172.18.0.1_50298]Ignore complete event,isRunning:false,isAbandon=false
18:28:51:419  INFO 92827 --- [SpringApplicationShutdownHook] c.a.n.c.remote.client.grpc.GrpcClient    : Shutdown grpc executor java.util.concurrent.ThreadPoolExecutor@24eb57bb[Running, pool size = 8, active threads = 0, queued tasks = 0, completed tasks = 55]
18:28:51:427  INFO 92827 --- [SpringApplicationShutdownHook] com.zaxxer.hikari.HikariDataSource       : HikariPool-1 - Shutdown initiated...
18:28:51:433  INFO 92827 --- [SpringApplicationShutdownHook] com.zaxxer.hikari.HikariDataSource       : HikariPool-1 - Shutdown completed.
